{"/home/jenkins/agent/workspace/clockwise-local/clockwise-dashboard/src/components/progress-bar.component.svelte": {"path":"/home/jenkins/agent/workspace/clockwise-local/clockwise-dashboard/src/components/progress-bar.component.svelte","statementMap":{"0":{"start":{"line":2,"column":28},"end":{"line":2,"column":null}},"1":{"start":{"line":5,"column":4},"end":{"line":5,"column":null}},"2":{"start":{"line":14,"column":2},"end":{"line":5,"column":null}},"3":{"start":{"line":5,"column":1},"end":{"line":5,"column":null}},"4":{"start":{"line":14,"column":2},"end":{"line":16,"column":null}},"5":{"start":{"line":14,"column":2},"end":{"line":14,"column":null}},"6":{"start":{"line":2,"column":12},"end":{"line":16,"column":null}},"7":{"start":{"line":16,"column":28},"end":{"line":16,"column":70}}},"fnMap":{"0":{"name":"Progress_bar_component","decl":{"start":{"line":1,"column":0},"end":{"line":1,"column":null}},"loc":{"start":{"line":1,"column":0},"end":{"line":3,"column":null}},"line":1},"1":{"name":"(anonymous_1)","decl":{"start":{"line":14,"column":2},"end":{"line":14,"column":null}},"loc":{"start":{"line":14,"column":2},"end":{"line":14,"column":null}},"line":14},"2":{"name":"(anonymous_2)","decl":{"start":{"line":16,"column":28},"end":{"line":16,"column":32}},"loc":{"start":{"line":16,"column":28},"end":{"line":16,"column":70}},"line":16}},"branchMap":{"0":{"loc":{"start":{"line":14,"column":2},"end":{"line":14,"column":null}},"type":"binary-expr","locations":[{"start":{"line":14,"column":2},"end":{"line":14,"column":null}},{"start":{"line":14,"column":2},"end":{"line":14,"column":null}}],"line":14}},"s":{"0":9,"1":9,"2":9,"3":9,"4":9,"5":13,"6":13,"7":13},"f":{"0":9,"1":13,"2":13},"b":{"0":[13,0]},"meta":{"lastBranch":1,"lastFunction":3,"lastStatement":8,"seen":{"f:1:0:1:Infinity":0,"s:2:28:2:Infinity":0,"s:5:4:5:Infinity":1,"s:14:2:5:Infinity":2,"s:5:1:5:Infinity":3,"s:14:2:16:Infinity":4,"f:14:2:14:Infinity":1,"s:14:2:14:Infinity":5,"b:14:2:14:Infinity:14:2:14:Infinity":0,"s:2:12:16:Infinity":6,"f:16:28:16:32":2,"s:16:28:16:70":7}}}
,"/home/jenkins/agent/workspace/clockwise-local/clockwise-dashboard/src/components/settings.component.svelte": {"path":"/home/jenkins/agent/workspace/clockwise-local/clockwise-dashboard/src/components/settings.component.svelte","statementMap":{"0":{"start":{"line":21,"column":15},"end":{"line":21,"column":null}},"1":{"start":{"line":22,"column":15},"end":{"line":22,"column":null}},"2":{"start":{"line":23,"column":22},"end":{"line":23,"column":null}},"3":{"start":{"line":24,"column":17},"end":{"line":24,"column":null}},"4":{"start":{"line":25,"column":11},"end":{"line":25,"column":null}},"5":{"start":{"line":26,"column":18},"end":{"line":26,"column":null}},"6":{"start":{"line":27,"column":18},"end":{"line":28,"column":null}},"7":{"start":{"line":30,"column":36},"end":{"line":30,"column":null}},"8":{"start":{"line":31,"column":15},"end":{"line":31,"column":null}},"9":{"start":{"line":32,"column":16},"end":{"line":32,"column":null}},"10":{"start":{"line":33,"column":24},"end":{"line":33,"column":null}},"11":{"start":{"line":34,"column":32},"end":{"line":35,"column":null}},"12":{"start":{"line":37,"column":23},"end":{"line":40,"column":null}},"13":{"start":{"line":38,"column":8},"end":{"line":40,"column":19}},"14":{"start":{"line":39,"column":30},"end":{"line":39,"column":null}},"15":{"start":{"line":42,"column":27},"end":{"line":43,"column":null}},"16":{"start":{"line":45,"column":17},"end":{"line":45,"column":null}},"17":{"start":{"line":48,"column":12},"end":{"line":59,"column":null}},"18":{"start":{"line":49,"column":21},"end":{"line":49,"column":null}},"19":{"start":{"line":50,"column":16},"end":{"line":56,"column":null}},"20":{"start":{"line":51,"column":26},"end":{"line":51,"column":null}},"21":{"start":{"line":52,"column":16},"end":{"line":52,"column":null}},"22":{"start":{"line":53,"column":16},"end":{"line":53,"column":null}},"23":{"start":{"line":54,"column":16},"end":{"line":54,"column":null}},"24":{"start":{"line":55,"column":16},"end":{"line":55,"column":null}},"25":{"start":{"line":58,"column":12},"end":{"line":58,"column":null}},"26":{"start":{"line":63,"column":12},"end":{"line":72,"column":null}},"27":{"start":{"line":64,"column":21},"end":{"line":64,"column":null}},"28":{"start":{"line":65,"column":16},"end":{"line":69,"column":null}},"29":{"start":{"line":66,"column":26},"end":{"line":66,"column":null}},"30":{"start":{"line":67,"column":16},"end":{"line":67,"column":null}},"31":{"start":{"line":68,"column":16},"end":{"line":68,"column":null}},"32":{"start":{"line":71,"column":12},"end":{"line":71,"column":null}},"33":{"start":{"line":76,"column":12},"end":{"line":91,"column":null}},"34":{"start":{"line":77,"column":21},"end":{"line":80,"column":null}},"35":{"start":{"line":82,"column":16},"end":{"line":88,"column":null}},"36":{"start":{"line":83,"column":26},"end":{"line":83,"column":null}},"37":{"start":{"line":84,"column":16},"end":{"line":84,"column":null}},"38":{"start":{"line":85,"column":16},"end":{"line":86,"column":null}},"39":{"start":{"line":90,"column":12},"end":{"line":90,"column":null}},"40":{"start":{"line":95,"column":22},"end":{"line":95,"column":null}},"41":{"start":{"line":96,"column":8},"end":{"line":96,"column":null}},"42":{"start":{"line":97,"column":12},"end":{"line":110,"column":null}},"43":{"start":{"line":98,"column":21},"end":{"line":102,"column":null}},"44":{"start":{"line":105,"column":16},"end":{"line":107,"column":null}},"45":{"start":{"line":106,"column":16},"end":{"line":106,"column":null}},"46":{"start":{"line":109,"column":12},"end":{"line":109,"column":null}},"47":{"start":{"line":114,"column":12},"end":{"line":129,"column":null}},"48":{"start":{"line":115,"column":46},"end":{"line":116,"column":null}},"49":{"start":{"line":118,"column":16},"end":{"line":122,"column":null}},"50":{"start":{"line":119,"column":22},"end":{"line":119,"column":null}},"51":{"start":{"line":121,"column":22},"end":{"line":121,"column":null}},"52":{"start":{"line":123,"column":12},"end":{"line":123,"column":null}},"53":{"start":{"line":124,"column":12},"end":{"line":125,"column":null}},"54":{"start":{"line":128,"column":12},"end":{"line":128,"column":null}},"55":{"start":{"line":133,"column":12},"end":{"line":141,"column":null}},"56":{"start":{"line":134,"column":29},"end":{"line":134,"column":null}},"57":{"start":{"line":135,"column":25},"end":{"line":135,"column":null}},"58":{"start":{"line":136,"column":12},"end":{"line":136,"column":null}},"59":{"start":{"line":139,"column":12},"end":{"line":139,"column":null}},"60":{"start":{"line":140,"column":12},"end":{"line":140,"column":null}},"61":{"start":{"line":146,"column":19},"end":{"line":150,"column":null}},"62":{"start":{"line":152,"column":12},"end":{"line":158,"column":null}},"63":{"start":{"line":153,"column":26},"end":{"line":153,"column":null}},"64":{"start":{"line":154,"column":21},"end":{"line":154,"column":null}},"65":{"start":{"line":155,"column":12},"end":{"line":155,"column":null}},"66":{"start":{"line":157,"column":12},"end":{"line":157,"column":null}},"67":{"start":{"line":162,"column":8},"end":{"line":162,"column":null}},"68":{"start":{"line":163,"column":12},"end":{"line":179,"column":null}},"69":{"start":{"line":164,"column":21},"end":{"line":168,"column":null}},"70":{"start":{"line":171,"column":16},"end":{"line":175,"column":null}},"71":{"start":{"line":172,"column":16},"end":{"line":172,"column":null}},"72":{"start":{"line":174,"column":16},"end":{"line":174,"column":null}},"73":{"start":{"line":177,"column":12},"end":{"line":177,"column":null}},"74":{"start":{"line":178,"column":12},"end":{"line":178,"column":null}},"75":{"start":{"line":183,"column":12},"end":{"line":202,"column":null}},"76":{"start":{"line":184,"column":49},"end":{"line":184,"column":null}},"77":{"start":{"line":185,"column":16},"end":{"line":187,"column":null}},"78":{"start":{"line":186,"column":16},"end":{"line":186,"column":null}},"79":{"start":{"line":189,"column":21},"end":{"line":190,"column":null}},"80":{"start":{"line":192,"column":17},"end":{"line":195,"column":null}},"81":{"start":{"line":193,"column":16},"end":{"line":193,"column":null}},"82":{"start":{"line":196,"column":22},"end":{"line":196,"column":null}},"83":{"start":{"line":197,"column":12},"end":{"line":197,"column":null}},"84":{"start":{"line":198,"column":12},"end":{"line":198,"column":null}},"85":{"start":{"line":200,"column":12},"end":{"line":200,"column":null}},"86":{"start":{"line":201,"column":12},"end":{"line":201,"column":null}},"87":{"start":{"line":206,"column":19},"end":{"line":208,"column":null}},"88":{"start":{"line":210,"column":8},"end":{"line":210,"column":null}},"89":{"start":{"line":211,"column":8},"end":{"line":211,"column":null}},"90":{"start":{"line":213,"column":12},"end":{"line":223,"column":null}},"91":{"start":{"line":214,"column":26},"end":{"line":214,"column":null}},"92":{"start":{"line":215,"column":25},"end":{"line":215,"column":null}},"93":{"start":{"line":216,"column":16},"end":{"line":219,"column":null}},"94":{"start":{"line":217,"column":16},"end":{"line":217,"column":null}},"95":{"start":{"line":218,"column":16},"end":{"line":218,"column":null}},"96":{"start":{"line":222,"column":12},"end":{"line":222,"column":null}},"97":{"start":{"line":226,"column":4},"end":{"line":242,"column":null}},"98":{"start":{"line":227,"column":8},"end":{"line":228,"column":null}},"99":{"start":{"line":231,"column":8},"end":{"line":231,"column":null}},"100":{"start":{"line":232,"column":8},"end":{"line":232,"column":null}},"101":{"start":{"line":233,"column":8},"end":{"line":233,"column":null}},"102":{"start":{"line":234,"column":8},"end":{"line":234,"column":null}},"103":{"start":{"line":235,"column":12},"end":{"line":238,"column":null}},"104":{"start":{"line":236,"column":12},"end":{"line":236,"column":null}},"105":{"start":{"line":237,"column":12},"end":{"line":237,"column":null}},"106":{"start":{"line":241,"column":8},"end":{"line":241,"column":null}},"107":{"start":{"line":245,"column":12},"end":{"line":250,"column":null}},"108":{"start":{"line":246,"column":18},"end":{"line":246,"column":null}},"109":{"start":{"line":247,"column":12},"end":{"line":247,"column":null}},"110":{"start":{"line":249,"column":12},"end":{"line":249,"column":null}},"111":{"start":{"line":254,"column":1},"end":{"line":254,"column":null}},"112":{"start":{"line":258,"column":5},"end":{"line":254,"column":null}},"113":{"start":{"line":266,"column":9},"end":{"line":258,"column":null}},"114":{"start":{"line":266,"column":9},"end":{"line":266,"column":null}},"115":{"start":{"line":270,"column":13},"end":{"line":270,"column":null}},"116":{"start":{"line":258,"column":5},"end":{"line":258,"column":null}},"117":{"start":{"line":275,"column":5},"end":{"line":258,"column":null}},"118":{"start":{"line":278,"column":12},"end":{"line":275,"column":null}},"119":{"start":{"line":279,"column":13},"end":{"line":278,"column":null}},"120":{"start":{"line":279,"column":13},"end":{"line":279,"column":null}},"121":{"start":{"line":282,"column":17},"end":{"line":282,"column":null}},"122":{"start":{"line":282,"column":32},"end":{"line":282,"column":42}},"123":{"start":{"line":282,"column":42},"end":{"line":282,"column":59}},"124":{"start":{"line":283,"column":17},"end":{"line":283,"column":null}},"125":{"start":{"line":283,"column":27},"end":{"line":283,"column":40}},"126":{"start":{"line":283,"column":40},"end":{"line":283,"column":52}},"127":{"start":{"line":285,"column":21},"end":{"line":291,"column":null}},"128":{"start":{"line":286,"column":25},"end":{"line":286,"column":null}},"129":{"start":{"line":287,"column":25},"end":{"line":287,"column":null}},"130":{"start":{"line":288,"column":25},"end":{"line":288,"column":null}},"131":{"start":{"line":289,"column":25},"end":{"line":289,"column":null}},"132":{"start":{"line":290,"column":25},"end":{"line":290,"column":null}},"133":{"start":{"line":292,"column":25},"end":{"line":292,"column":null}},"134":{"start":{"line":293,"column":25},"end":{"line":293,"column":null}},"135":{"start":{"line":284,"column":21},"end":{"line":284,"column":null}},"136":{"start":{"line":284,"column":41},"end":{"line":284,"column":null}},"137":{"start":{"line":300,"column":17},"end":{"line":300,"column":null}},"138":{"start":{"line":278,"column":9},"end":{"line":278,"column":null}},"139":{"start":{"line":275,"column":5},"end":{"line":275,"column":null}}},"fnMap":{"0":{"name":"Settings_component","decl":{"start":{"line":1,"column":0},"end":{"line":1,"column":null}},"loc":{"start":{"line":1,"column":0},"end":{"line":252,"column":null}},"line":1},"1":{"name":"(anonymous_1)","decl":{"start":{"line":23,"column":22},"end":{"line":23,"column":44}},"loc":{"start":{"line":23,"column":22},"end":{"line":23,"column":null}},"line":23},"2":{"name":"(anonymous_2)","decl":{"start":{"line":38,"column":8},"end":{"line":38,"column":null}},"loc":{"start":{"line":38,"column":8},"end":{"line":40,"column":19}},"line":38},"3":{"name":"(anonymous_3)","decl":{"start":{"line":39,"column":27},"end":{"line":39,"column":29}},"loc":{"start":{"line":39,"column":30},"end":{"line":39,"column":null}},"line":39},"4":{"name":"(anonymous_4)","decl":{"start":{"line":42,"column":27},"end":{"line":42,"column":null}},"loc":{"start":{"line":42,"column":27},"end":{"line":43,"column":null}},"line":42},"5":{"name":"fetchSettings","decl":{"start":{"line":47,"column":19},"end":{"line":47,"column":32}},"loc":{"start":{"line":47,"column":35},"end":{"line":60,"column":null}},"line":47},"6":{"name":"fetchStatus","decl":{"start":{"line":62,"column":19},"end":{"line":62,"column":30}},"loc":{"start":{"line":62,"column":33},"end":{"line":73,"column":null}},"line":62},"7":{"name":"togglePin","decl":{"start":{"line":75,"column":19},"end":{"line":75,"column":28}},"loc":{"start":{"line":75,"column":31},"end":{"line":92,"column":null}},"line":75},"8":{"name":"toggleAutoLaunch","decl":{"start":{"line":94,"column":19},"end":{"line":94,"column":35}},"loc":{"start":{"line":94,"column":38},"end":{"line":111,"column":null}},"line":94},"9":{"name":"toggleStartAtLogin","decl":{"start":{"line":113,"column":19},"end":{"line":113,"column":37}},"loc":{"start":{"line":113,"column":40},"end":{"line":130,"column":null}},"line":113},"10":{"name":"checkAutostart","decl":{"start":{"line":132,"column":19},"end":{"line":132,"column":33}},"loc":{"start":{"line":132,"column":36},"end":{"line":142,"column":null}},"line":132},"11":{"name":"fetchMonitors","decl":{"start":{"line":144,"column":19},"end":{"line":144,"column":32}},"loc":{"start":{"line":144,"column":35},"end":{"line":159,"column":null}},"line":144},"12":{"name":"updatePreferredMonitor","decl":{"start":{"line":161,"column":19},"end":{"line":161,"column":41}},"loc":{"start":{"line":161,"column":63},"end":{"line":180,"column":null}},"line":161},"13":{"name":"fetchServerPin","decl":{"start":{"line":182,"column":19},"end":{"line":182,"column":33}},"loc":{"start":{"line":182,"column":36},"end":{"line":203,"column":null}},"line":182},"14":{"name":"fetchLocalIp","decl":{"start":{"line":205,"column":19},"end":{"line":205,"column":31}},"loc":{"start":{"line":205,"column":34},"end":{"line":224,"column":null}},"line":205},"15":{"name":"(anonymous_15)","decl":{"start":{"line":226,"column":11},"end":{"line":226,"column":18}},"loc":{"start":{"line":226,"column":18},"end":{"line":242,"column":5}},"line":226},"16":{"name":"copyText","decl":{"start":{"line":244,"column":19},"end":{"line":244,"column":27}},"loc":{"start":{"line":244,"column":58},"end":{"line":251,"column":null}},"line":244},"17":{"name":"(anonymous_17)","decl":{"start":{"line":270,"column":13},"end":{"line":270,"column":21}},"loc":{"start":{"line":270,"column":13},"end":{"line":270,"column":null}},"line":270},"18":{"name":"(anonymous_18)","decl":{"start":{"line":282,"column":17},"end":{"line":282,"column":30}},"loc":{"start":{"line":282,"column":17},"end":{"line":282,"column":null}},"line":282},"19":{"name":"(anonymous_19)","decl":{"start":{"line":283,"column":17},"end":{"line":283,"column":25}},"loc":{"start":{"line":283,"column":17},"end":{"line":283,"column":null}},"line":283},"20":{"name":"(anonymous_20)","decl":{"start":{"line":285,"column":21},"end":{"line":285,"column":null}},"loc":{"start":{"line":285,"column":21},"end":{"line":291,"column":null}},"line":285},"21":{"name":"(anonymous_21)","decl":{"start":{"line":291,"column":24},"end":{"line":291,"column":29}},"loc":{"start":{"line":291,"column":29},"end":{"line":291,"column":null}},"line":291},"22":{"name":"(anonymous_22)","decl":{"start":{"line":300,"column":17},"end":{"line":300,"column":22}},"loc":{"start":{"line":300,"column":17},"end":{"line":300,"column":null}},"line":300}},"branchMap":{"0":{"loc":{"start":{"line":22,"column":24},"end":{"line":22,"column":46}},"type":"binary-expr","locations":[{"start":{"line":22,"column":24},"end":{"line":22,"column":44}},{"start":{"line":22,"column":44},"end":{"line":22,"column":46}}],"line":22},"1":{"loc":{"start":{"line":23,"column":22},"end":{"line":23,"column":66}},"type":"binary-expr","locations":[{"start":{"line":23,"column":22},"end":{"line":23,"column":55}},{"start":{"line":23,"column":55},"end":{"line":23,"column":66}}],"line":23},"2":{"loc":{"start":{"line":24,"column":26},"end":{"line":24,"column":50}},"type":"binary-expr","locations":[{"start":{"line":24,"column":26},"end":{"line":24,"column":48}},{"start":{"line":24,"column":48},"end":{"line":24,"column":50}}],"line":24},"3":{"loc":{"start":{"line":25,"column":11},"end":{"line":25,"column":35}},"type":"binary-expr","locations":[{"start":{"line":25,"column":11},"end":{"line":25,"column":33}},{"start":{"line":25,"column":33},"end":{"line":25,"column":35}}],"line":25},"4":{"loc":{"start":{"line":26,"column":27},"end":{"line":26,"column":66}},"type":"binary-expr","locations":[{"start":{"line":26,"column":27},"end":{"line":26,"column":58}},{"start":{"line":26,"column":62},"end":{"line":26,"column":66}}],"line":26},"5":{"loc":{"start":{"line":27,"column":27},"end":{"line":28,"column":63}},"type":"binary-expr","locations":[{"start":{"line":27,"column":27},"end":{"line":28,"column":54}},{"start":{"line":28,"column":58},"end":{"line":28,"column":63}}],"line":27},"6":{"loc":{"start":{"line":33,"column":33},"end":{"line":33,"column":75}},"type":"binary-expr","locations":[{"start":{"line":33,"column":33},"end":{"line":33,"column":69}},{"start":{"line":33,"column":73},"end":{"line":33,"column":75}}],"line":33},"7":{"loc":{"start":{"line":34,"column":41},"end":{"line":35,"column":49}},"type":"binary-expr","locations":[{"start":{"line":34,"column":41},"end":{"line":35,"column":43}},{"start":{"line":35,"column":47},"end":{"line":35,"column":49}}],"line":34},"8":{"loc":{"start":{"line":38,"column":8},"end":{"line":40,"column":19}},"type":"cond-expr","locations":[{"start":{"line":39,"column":14},"end":{"line":39,"column":null}},{"start":{"line":40,"column":14},"end":{"line":40,"column":19}}],"line":38},"9":{"loc":{"start":{"line":50,"column":16},"end":{"line":56,"column":null}},"type":"if","locations":[{"start":{"line":50,"column":16},"end":{"line":56,"column":null}},{"start":{},"end":{}}],"line":50},"10":{"loc":{"start":{"line":53,"column":35},"end":{"line":53,"column":63}},"type":"binary-expr","locations":[{"start":{"line":53,"column":35},"end":{"line":53,"column":57}},{"start":{"line":53,"column":61},"end":{"line":53,"column":63}}],"line":53},"11":{"loc":{"start":{"line":65,"column":16},"end":{"line":69,"column":null}},"type":"if","locations":[{"start":{"line":65,"column":16},"end":{"line":69,"column":null}},{"start":{},"end":{}}],"line":65},"12":{"loc":{"start":{"line":82,"column":16},"end":{"line":88,"column":null}},"type":"if","locations":[{"start":{"line":82,"column":16},"end":{"line":88,"column":null}},{"start":{},"end":{}}],"line":82},"13":{"loc":{"start":{"line":85,"column":35},"end":{"line":86,"column":71}},"type":"cond-expr","locations":[{"start":{"line":86,"column":49},"end":{"line":86,"column":58}},{"start":{"line":86,"column":61},"end":{"line":86,"column":71}}],"line":85},"14":{"loc":{"start":{"line":105,"column":16},"end":{"line":107,"column":null}},"type":"if","locations":[{"start":{"line":105,"column":16},"end":{"line":107,"column":null}},{"start":{},"end":{}}],"line":105},"15":{"loc":{"start":{"line":106,"column":51},"end":{"line":106,"column":84}},"type":"cond-expr","locations":[{"start":{"line":106,"column":62},"end":{"line":106,"column":71}},{"start":{"line":106,"column":74},"end":{"line":106,"column":84}}],"line":106},"16":{"loc":{"start":{"line":118,"column":16},"end":{"line":122,"column":null}},"type":"if","locations":[{"start":{"line":118,"column":16},"end":{"line":122,"column":null}},{"start":{"line":120,"column":19},"end":{"line":122,"column":null}}],"line":118},"17":{"loc":{"start":{"line":124,"column":31},"end":{"line":125,"column":74}},"type":"cond-expr","locations":[{"start":{"line":125,"column":52},"end":{"line":125,"column":61}},{"start":{"line":125,"column":64},"end":{"line":125,"column":74}}],"line":124},"18":{"loc":{"start":{"line":146,"column":19},"end":{"line":150,"column":null}},"type":"if","locations":[{"start":{"line":146,"column":19},"end":{"line":150,"column":null}},{"start":{},"end":{}}],"line":146},"19":{"loc":{"start":{"line":146,"column":19},"end":{"line":147,"column":null}},"type":"binary-expr","locations":[{"start":{"line":146,"column":19},"end":{"line":146,"column":null}},{"start":{"line":146,"column":41},"end":{"line":147,"column":null}}],"line":146},"20":{"loc":{"start":{"line":171,"column":16},"end":{"line":175,"column":null}},"type":"if","locations":[{"start":{"line":171,"column":16},"end":{"line":175,"column":null}},{"start":{"line":173,"column":19},"end":{"line":175,"column":null}}],"line":171},"21":{"loc":{"start":{"line":185,"column":16},"end":{"line":187,"column":null}},"type":"if","locations":[{"start":{"line":185,"column":16},"end":{"line":187,"column":null}},{"start":{},"end":{}}],"line":185},"22":{"loc":{"start":{"line":192,"column":17},"end":{"line":195,"column":null}},"type":"if","locations":[{"start":{"line":192,"column":17},"end":{"line":195,"column":null}},{"start":{},"end":{}}],"line":192},"23":{"loc":{"start":{"line":197,"column":24},"end":{"line":197,"column":47}},"type":"binary-expr","locations":[{"start":{"line":197,"column":24},"end":{"line":197,"column":32}},{"start":{"line":197,"column":36},"end":{"line":197,"column":47}}],"line":197},"24":{"loc":{"start":{"line":206,"column":19},"end":{"line":208,"column":null}},"type":"if","locations":[{"start":{"line":206,"column":19},"end":{"line":208,"column":null}},{"start":{},"end":{}}],"line":206},"25":{"loc":{"start":{"line":216,"column":16},"end":{"line":219,"column":null}},"type":"if","locations":[{"start":{"line":216,"column":16},"end":{"line":219,"column":null}},{"start":{},"end":{}}],"line":216},"26":{"loc":{"start":{"line":227,"column":15},"end":{"line":228,"column":76}},"type":"binary-expr","locations":[{"start":{"line":227,"column":15},"end":{"line":228,"column":45}},{"start":{"line":228,"column":45},"end":{"line":228,"column":76}}],"line":227},"27":{"loc":{"start":{"line":235,"column":12},"end":{"line":238,"column":null}},"type":"if","locations":[{"start":{"line":235,"column":12},"end":{"line":238,"column":null}},{"start":{},"end":{}}],"line":235},"28":{"loc":{"start":{"line":284,"column":21},"end":{"line":284,"column":null}},"type":"if","locations":[{"start":{"line":284,"column":21},"end":{"line":284,"column":null}},{"start":{},"end":{}}],"line":284},"29":{"loc":{"start":{"line":284,"column":21},"end":{"line":284,"column":null}},"type":"binary-expr","locations":[{"start":{"line":284,"column":21},"end":{"line":284,"column":32}},{"start":{"line":284,"column":28},"end":{"line":284,"column":null}}],"line":284}},"s":{"0":3,"1":3,"2":3,"3":3,"4":3,"5":3,"6":3,"7":3,"8":3,"9":3,"10":3,"11":3,"12":3,"13":0,"14":0,"15":0,"16":3,"17":3,"18":3,"19":3,"20":3,"21":3,"22":3,"23":3,"24":3,"25":0,"26":3,"27":3,"28":3,"29":3,"30":3,"31":3,"32":0,"33":0,"34":0,"35":0,"36":0,"37":0,"38":0,"39":0,"40":0,"41":0,"42":0,"43":0,"44":0,"45":0,"46":0,"47":0,"48":0,"49":0,"50":0,"51":0,"52":0,"53":0,"54":0,"55":3,"56":3,"57":3,"58":3,"59":0,"60":0,"61":3,"62":3,"63":3,"64":3,"65":0,"66":3,"67":0,"68":0,"69":0,"70":0,"71":0,"72":0,"73":0,"74":0,"75":3,"76":3,"77":3,"78":3,"79":3,"80":3,"81":0,"82":3,"83":3,"84":3,"85":0,"86":0,"87":3,"88":3,"89":3,"90":3,"91":3,"92":3,"93":3,"94":3,"95":3,"96":0,"97":3,"98":3,"99":3,"100":3,"101":3,"102":3,"103":3,"104":3,"105":3,"106":3,"107":0,"108":0,"109":0,"110":0,"111":3,"112":3,"113":3,"114":3,"115":3,"116":3,"117":3,"118":3,"119":3,"120":3,"121":3,"122":6,"123":6,"124":3,"125":24,"126":12,"127":3,"128":3,"129":0,"130":0,"131":3,"132":0,"133":0,"134":0,"135":6,"136":3,"137":3,"138":3,"139":3},"f":{"0":3,"1":3,"2":0,"3":0,"4":0,"5":3,"6":3,"7":0,"8":0,"9":0,"10":3,"11":3,"12":0,"13":3,"14":3,"15":3,"16":0,"17":3,"18":3,"19":3,"20":3,"21":3,"22":3},"b":{"0":[3,3],"1":[3,0],"2":[3,0],"3":[3,0],"4":[3,0],"5":[3,3],"6":[3,3],"7":[3,3],"8":[0,0],"9":[3,0],"10":[3,3],"11":[3,0],"12":[0,0],"13":[0,0],"14":[0,0],"15":[0,0],"16":[0,0],"17":[0,0],"18":[0,3],"19":[3,3],"20":[0,0],"21":[3,0],"22":[0,3],"23":[3,3],"24":[0,3],"25":[3,0],"26":[3,3],"27":[3,0],"28":[3,3],"29":[6,3]},"meta":{"lastBranch":30,"lastFunction":23,"lastStatement":140,"seen":{"f:1:0:1:Infinity":0,"s:21:15:21:Infinity":0,"s:22:15:22:Infinity":1,"b:22:24:22:44:22:44:22:46":0,"s:23:22:23:Infinity":2,"f:23:22:23:44":1,"b:23:22:23:55:23:55:23:66":1,"s:24:17:24:Infinity":3,"b:24:26:24:48:24:48:24:50":2,"s:25:11:25:Infinity":4,"b:25:11:25:33:25:33:25:35":3,"s:26:18:26:Infinity":5,"b:26:27:26:58:26:62:26:66":4,"s:27:18:28:Infinity":6,"b:27:27:28:54:28:58:28:63":5,"s:30:36:30:Infinity":7,"s:31:15:31:Infinity":8,"s:32:16:32:Infinity":9,"s:33:24:33:Infinity":10,"b:33:33:33:69:33:73:33:75":6,"s:34:32:35:Infinity":11,"b:34:41:35:43:35:47:35:49":7,"s:37:23:40:Infinity":12,"f:38:8:38:Infinity":2,"s:38:8:40:19":13,"b:39:14:39:Infinity:40:14:40:19":8,"f:39:27:39:29":3,"s:39:30:39:Infinity":14,"s:42:27:43:Infinity":15,"f:42:27:42:Infinity":4,"s:45:17:45:Infinity":16,"f:47:19:47:32":5,"s:48:12:59:Infinity":17,"s:49:21:49:Infinity":18,"b:50:16:56:Infinity:undefined:undefined:undefined:undefined":9,"s:50:16:56:Infinity":19,"s:51:26:51:Infinity":20,"s:52:16:52:Infinity":21,"s:53:16:53:Infinity":22,"b:53:35:53:57:53:61:53:63":10,"s:54:16:54:Infinity":23,"s:55:16:55:Infinity":24,"s:58:12:58:Infinity":25,"f:62:19:62:30":6,"s:63:12:72:Infinity":26,"s:64:21:64:Infinity":27,"b:65:16:69:Infinity:undefined:undefined:undefined:undefined":11,"s:65:16:69:Infinity":28,"s:66:26:66:Infinity":29,"s:67:16:67:Infinity":30,"s:68:16:68:Infinity":31,"s:71:12:71:Infinity":32,"f:75:19:75:28":7,"s:76:12:91:Infinity":33,"s:77:21:80:Infinity":34,"b:82:16:88:Infinity:undefined:undefined:undefined:undefined":12,"s:82:16:88:Infinity":35,"s:83:26:83:Infinity":36,"s:84:16:84:Infinity":37,"s:85:16:86:Infinity":38,"b:86:49:86:58:86:61:86:71":13,"s:90:12:90:Infinity":39,"f:94:19:94:35":8,"s:95:22:95:Infinity":40,"s:96:8:96:Infinity":41,"s:97:12:110:Infinity":42,"s:98:21:102:Infinity":43,"b:105:16:107:Infinity:undefined:undefined:undefined:undefined":14,"s:105:16:107:Infinity":44,"s:106:16:106:Infinity":45,"b:106:62:106:71:106:74:106:84":15,"s:109:12:109:Infinity":46,"f:113:19:113:37":9,"s:114:12:129:Infinity":47,"s:115:46:116:Infinity":48,"b:118:16:122:Infinity:120:19:122:Infinity":16,"s:118:16:122:Infinity":49,"s:119:22:119:Infinity":50,"s:121:22:121:Infinity":51,"s:123:12:123:Infinity":52,"s:124:12:125:Infinity":53,"b:125:52:125:61:125:64:125:74":17,"s:128:12:128:Infinity":54,"f:132:19:132:33":10,"s:133:12:141:Infinity":55,"s:134:29:134:Infinity":56,"s:135:25:135:Infinity":57,"s:136:12:136:Infinity":58,"s:139:12:139:Infinity":59,"s:140:12:140:Infinity":60,"f:144:19:144:32":11,"b:146:19:150:Infinity:undefined:undefined:undefined:undefined":18,"s:146:19:150:Infinity":61,"b:146:19:146:Infinity:146:41:147:Infinity":19,"s:152:12:158:Infinity":62,"s:153:26:153:Infinity":63,"s:154:21:154:Infinity":64,"s:155:12:155:Infinity":65,"s:157:12:157:Infinity":66,"f:161:19:161:41":12,"s:162:8:162:Infinity":67,"s:163:12:179:Infinity":68,"s:164:21:168:Infinity":69,"b:171:16:175:Infinity:173:19:175:Infinity":20,"s:171:16:175:Infinity":70,"s:172:16:172:Infinity":71,"s:174:16:174:Infinity":72,"s:177:12:177:Infinity":73,"s:178:12:178:Infinity":74,"f:182:19:182:33":13,"s:183:12:202:Infinity":75,"s:184:49:184:Infinity":76,"b:185:16:187:Infinity:undefined:undefined:undefined:undefined":21,"s:185:16:187:Infinity":77,"s:186:16:186:Infinity":78,"s:189:21:190:Infinity":79,"b:192:17:195:Infinity:undefined:undefined:undefined:undefined":22,"s:192:17:195:Infinity":80,"s:193:16:193:Infinity":81,"s:196:22:196:Infinity":82,"s:197:12:197:Infinity":83,"b:197:24:197:32:197:36:197:47":23,"s:198:12:198:Infinity":84,"s:200:12:200:Infinity":85,"s:201:12:201:Infinity":86,"f:205:19:205:31":14,"b:206:19:208:Infinity:undefined:undefined:undefined:undefined":24,"s:206:19:208:Infinity":87,"s:210:8:210:Infinity":88,"s:211:8:211:Infinity":89,"s:213:12:223:Infinity":90,"s:214:26:214:Infinity":91,"s:215:25:215:Infinity":92,"b:216:16:219:Infinity:undefined:undefined:undefined:undefined":25,"s:216:16:219:Infinity":93,"s:217:16:217:Infinity":94,"s:218:16:218:Infinity":95,"s:222:12:222:Infinity":96,"s:226:4:242:Infinity":97,"f:226:11:226:18":15,"s:227:8:228:Infinity":98,"b:227:15:228:45:228:45:228:76":26,"s:231:8:231:Infinity":99,"s:232:8:232:Infinity":100,"s:233:8:233:Infinity":101,"s:234:8:234:Infinity":102,"b:235:12:238:Infinity:undefined:undefined:undefined:undefined":27,"s:235:12:238:Infinity":103,"s:236:12:236:Infinity":104,"s:237:12:237:Infinity":105,"s:241:8:241:Infinity":106,"f:244:19:244:27":16,"s:245:12:250:Infinity":107,"s:246:18:246:Infinity":108,"s:247:12:247:Infinity":109,"s:249:12:249:Infinity":110,"s:254:1:254:Infinity":111,"s:258:5:254:Infinity":112,"s:266:9:258:Infinity":113,"s:266:9:266:Infinity":114,"s:270:13:270:Infinity":115,"f:270:13:270:21":17,"s:258:5:258:Infinity":116,"s:275:5:258:Infinity":117,"s:278:12:275:Infinity":118,"s:279:13:278:Infinity":119,"s:279:13:279:Infinity":120,"f:282:17:282:30":18,"s:282:17:282:Infinity":121,"s:282:32:282:42":122,"s:282:42:282:59":123,"f:283:17:283:25":19,"s:283:17:283:Infinity":124,"s:283:27:283:40":125,"s:283:40:283:52":126,"f:285:21:285:Infinity":20,"s:285:21:291:Infinity":127,"s:286:25:286:Infinity":128,"s:287:25:287:Infinity":129,"s:288:25:288:Infinity":130,"s:289:25:289:Infinity":131,"s:290:25:290:Infinity":132,"s:292:25:292:Infinity":133,"s:293:25:293:Infinity":134,"f:291:24:291:29":21,"b:284:21:284:Infinity:undefined:undefined:undefined:undefined":28,"s:284:21:284:Infinity":135,"b:284:21:284:32:284:28:284:Infinity":29,"s:284:41:284:Infinity":136,"s:300:17:300:Infinity":137,"f:300:17:300:22":22,"s:278:9:278:Infinity":138,"s:275:5:275:Infinity":139}}}
,"/home/jenkins/agent/workspace/clockwise-local/clockwise-dashboard/src/components/timer.component.svelte": {"path":"/home/jenkins/agent/workspace/clockwise-local/clockwise-dashboard/src/components/timer.component.svelte","statementMap":{"0":{"start":{"line":7,"column":16},"end":{"line":7,"column":null}},"1":{"start":{"line":8,"column":8},"end":{"line":8,"column":null}},"2":{"start":{"line":14,"column":14},"end":{"line":14,"column":null}},"3":{"start":{"line":15,"column":40},"end":{"line":15,"column":44}},"4":{"start":{"line":17,"column":9},"end":{"line":17,"column":null}},"5":{"start":{"line":17,"column":9},"end":{"line":17,"column":53}},"6":{"start":{"line":18,"column":11},"end":{"line":18,"column":null}},"7":{"start":{"line":18,"column":11},"end":{"line":18,"column":50}},"8":{"start":{"line":19,"column":13},"end":{"line":19,"column":null}},"9":{"start":{"line":19,"column":13},"end":{"line":19,"column":56}},"10":{"start":{"line":21,"column":14},"end":{"line":22,"column":null}},"11":{"start":{"line":21,"column":14},"end":{"line":22,"column":58}},"12":{"start":{"line":24,"column":15},"end":{"line":25,"column":null}},"13":{"start":{"line":29,"column":16},"end":{"line":29,"column":null}},"14":{"start":{"line":30,"column":18},"end":{"line":30,"column":null}},"15":{"start":{"line":31,"column":15},"end":{"line":31,"column":27}},"16":{"start":{"line":33,"column":6},"end":{"line":37,"column":null}},"17":{"start":{"line":34,"column":13},"end":{"line":34,"column":null}},"18":{"start":{"line":36,"column":13},"end":{"line":36,"column":null}},"19":{"start":{"line":40,"column":1},"end":{"line":46,"column":null}},"20":{"start":{"line":41,"column":2},"end":{"line":45,"column":null}},"21":{"start":{"line":42,"column":3},"end":{"line":42,"column":null}},"22":{"start":{"line":43,"column":3},"end":{"line":43,"column":null}},"23":{"start":{"line":44,"column":3},"end":{"line":44,"column":null}},"24":{"start":{"line":48,"column":1},"end":{"line":50,"column":null}},"25":{"start":{"line":49,"column":6},"end":{"line":49,"column":null}},"26":{"start":{"line":49,"column":19},"end":{"line":49,"column":null}},"27":{"start":{"line":53,"column":1},"end":{"line":53,"column":null}},"28":{"start":{"line":56,"column":2},"end":{"line":53,"column":null}},"29":{"start":{"line":56,"column":2},"end":{"line":56,"column":null}},"30":{"start":{"line":66,"column":2},"end":{"line":66,"column":null}},"31":{"start":{"line":66,"column":15},"end":{"line":66,"column":null}},"32":{"start":{"line":63,"column":3},"end":{"line":63,"column":null}}},"fnMap":{"0":{"name":"Timer_component","decl":{"start":{"line":1,"column":0},"end":{"line":1,"column":null}},"loc":{"start":{"line":1,"column":0},"end":{"line":51,"column":null}},"line":1},"1":{"name":"(anonymous_1)","decl":{"start":{"line":7,"column":16},"end":{"line":7,"column":25}},"loc":{"start":{"line":7,"column":25},"end":{"line":7,"column":27}},"line":7},"2":{"name":"(anonymous_2)","decl":{"start":{"line":8,"column":8},"end":{"line":8,"column":12}},"loc":{"start":{"line":8,"column":32},"end":{"line":8,"column":34}},"line":8},"3":{"name":"(anonymous_3)","decl":{"start":{"line":17,"column":9},"end":{"line":17,"column":21}},"loc":{"start":{"line":17,"column":9},"end":{"line":17,"column":53}},"line":17},"4":{"name":"(anonymous_4)","decl":{"start":{"line":18,"column":11},"end":{"line":18,"column":23}},"loc":{"start":{"line":18,"column":11},"end":{"line":18,"column":50}},"line":18},"5":{"name":"(anonymous_5)","decl":{"start":{"line":19,"column":13},"end":{"line":19,"column":25}},"loc":{"start":{"line":19,"column":13},"end":{"line":19,"column":56}},"line":19},"6":{"name":"(anonymous_6)","decl":{"start":{"line":21,"column":14},"end":{"line":21,"column":null}},"loc":{"start":{"line":21,"column":14},"end":{"line":22,"column":58}},"line":21},"7":{"name":"(anonymous_7)","decl":{"start":{"line":24,"column":15},"end":{"line":24,"column":null}},"loc":{"start":{"line":24,"column":15},"end":{"line":25,"column":null}},"line":24},"8":{"name":"formatTime","decl":{"start":{"line":28,"column":10},"end":{"line":28,"column":20}},"loc":{"start":{"line":28,"column":38},"end":{"line":38,"column":null}},"line":28},"9":{"name":"(anonymous_9)","decl":{"start":{"line":40,"column":8},"end":{"line":40,"column":15}},"loc":{"start":{"line":40,"column":15},"end":{"line":46,"column":2}},"line":40},"10":{"name":"(anonymous_10)","decl":{"start":{"line":41,"column":37},"end":{"line":41,"column":39}},"loc":{"start":{"line":41,"column":48},"end":{"line":45,"column":3}},"line":41},"11":{"name":"(anonymous_11)","decl":{"start":{"line":48,"column":10},"end":{"line":48,"column":17}},"loc":{"start":{"line":48,"column":17},"end":{"line":50,"column":2}},"line":48},"12":{"name":"(anonymous_12)","decl":{"start":{"line":66,"column":2},"end":{"line":66,"column":13}},"loc":{"start":{"line":66,"column":2},"end":{"line":66,"column":null}},"line":66},"13":{"name":"(anonymous_13)","decl":{"start":{"line":63,"column":3},"end":{"line":63,"column":13}},"loc":{"start":{"line":63,"column":3},"end":{"line":63,"column":null}},"line":63}},"branchMap":{"0":{"loc":{"start":{"line":17,"column":9},"end":{"line":17,"column":53}},"type":"binary-expr","locations":[{"start":{"line":17,"column":9},"end":{"line":17,"column":48}},{"start":{"line":17,"column":52},"end":{"line":17,"column":53}}],"line":17},"1":{"loc":{"start":{"line":18,"column":11},"end":{"line":18,"column":50}},"type":"binary-expr","locations":[{"start":{"line":18,"column":11},"end":{"line":18,"column":40}},{"start":{"line":18,"column":44},"end":{"line":18,"column":50}}],"line":18},"2":{"loc":{"start":{"line":19,"column":13},"end":{"line":19,"column":56}},"type":"binary-expr","locations":[{"start":{"line":19,"column":13},"end":{"line":19,"column":51}},{"start":{"line":19,"column":55},"end":{"line":19,"column":56}}],"line":19},"3":{"loc":{"start":{"line":21,"column":14},"end":{"line":22,"column":58}},"type":"binary-expr","locations":[{"start":{"line":21,"column":14},"end":{"line":22,"column":26}},{"start":{"line":22,"column":22},"end":{"line":22,"column":40}},{"start":{"line":22,"column":40},"end":{"line":22,"column":58}}],"line":21},"4":{"loc":{"start":{"line":24,"column":15},"end":{"line":25,"column":null}},"type":"binary-expr","locations":[{"start":{"line":24,"column":15},"end":{"line":25,"column":27}},{"start":{"line":25,"column":23},"end":{"line":25,"column":40}},{"start":{"line":25,"column":40},"end":{"line":25,"column":null}}],"line":24},"5":{"loc":{"start":{"line":33,"column":6},"end":{"line":37,"column":null}},"type":"if","locations":[{"start":{"line":33,"column":6},"end":{"line":37,"column":null}},{"start":{"line":35,"column":9},"end":{"line":37,"column":null}}],"line":33},"6":{"loc":{"start":{"line":49,"column":6},"end":{"line":49,"column":null}},"type":"if","locations":[{"start":{"line":49,"column":6},"end":{"line":49,"column":null}},{"start":{},"end":{}}],"line":49}},"s":{"0":5,"1":5,"2":5,"3":5,"4":5,"5":10,"6":5,"7":10,"8":5,"9":10,"10":5,"11":9,"12":9,"13":9,"14":9,"15":9,"16":9,"17":1,"18":8,"19":5,"20":5,"21":5,"22":5,"23":5,"24":5,"25":5,"26":5,"27":5,"28":5,"29":9,"30":5,"31":14,"32":9},"f":{"0":5,"1":5,"2":5,"3":10,"4":10,"5":10,"6":9,"7":9,"8":9,"9":5,"10":5,"11":5,"12":5,"13":9},"b":{"0":[10,5],"1":[10,5],"2":[10,5],"3":[9,3,1],"4":[9,3,8],"5":[1,8],"6":[5,0]},"meta":{"lastBranch":7,"lastFunction":14,"lastStatement":33,"seen":{"f:1:0:1:Infinity":0,"s:7:16:7:Infinity":0,"f:7:16:7:25":1,"s:8:8:8:Infinity":1,"f:8:8:8:12":2,"s:14:14:14:Infinity":2,"s:15:40:15:44":3,"s:17:9:17:Infinity":4,"f:17:9:17:21":3,"s:17:9:17:53":5,"b:17:9:17:48:17:52:17:53":0,"s:18:11:18:Infinity":6,"f:18:11:18:23":4,"s:18:11:18:50":7,"b:18:11:18:40:18:44:18:50":1,"s:19:13:19:Infinity":8,"f:19:13:19:25":5,"s:19:13:19:56":9,"b:19:13:19:51:19:55:19:56":2,"s:21:14:22:Infinity":10,"f:21:14:21:Infinity":6,"s:21:14:22:58":11,"b:21:14:22:26:22:22:22:40:22:40:22:58":3,"s:24:15:25:Infinity":12,"f:24:15:24:Infinity":7,"b:24:15:25:27:25:23:25:40:25:40:25:Infinity":4,"f:28:10:28:20":8,"s:29:16:29:Infinity":13,"s:30:18:30:Infinity":14,"s:31:15:31:27":15,"b:33:6:37:Infinity:35:9:37:Infinity":5,"s:33:6:37:Infinity":16,"s:34:13:34:Infinity":17,"s:36:13:36:Infinity":18,"s:40:1:46:Infinity":19,"f:40:8:40:15":9,"s:41:2:45:Infinity":20,"f:41:37:41:39":10,"s:42:3:42:Infinity":21,"s:43:3:43:Infinity":22,"s:44:3:44:Infinity":23,"s:48:1:50:Infinity":24,"f:48:10:48:17":11,"b:49:6:49:Infinity:undefined:undefined:undefined:undefined":6,"s:49:6:49:Infinity":25,"s:49:19:49:Infinity":26,"s:53:1:53:Infinity":27,"s:56:2:53:Infinity":28,"s:56:2:56:Infinity":29,"f:66:2:66:13":12,"s:66:2:66:Infinity":30,"s:66:15:66:Infinity":31,"f:63:3:63:13":13,"s:63:3:63:Infinity":32}}}
,"/home/jenkins/agent/workspace/clockwise-local/clockwise-dashboard/src/components/icons/ArrowRightIcon.svelte": {"path":"/home/jenkins/agent/workspace/clockwise-local/clockwise-dashboard/src/components/icons/ArrowRightIcon.svelte","statementMap":{"0":{"start":{"line":3,"column":13},"end":{"line":3,"column":null}},"1":{"start":{"line":4,"column":14},"end":{"line":4,"column":null}},"2":{"start":{"line":5,"column":19},"end":{"line":5,"column":null}},"3":{"start":{"line":6,"column":24},"end":{"line":6,"column":null}},"4":{"start":{"line":15,"column":1},"end":{"line":15,"column":null}},"5":{"start":{"line":15,"column":1},"end":{"line":17,"column":null}},"6":{"start":{"line":15,"column":1},"end":{"line":18,"column":null}},"7":{"start":{"line":15,"column":1},"end":{"line":22,"column":null}},"8":{"start":{"line":15,"column":1},"end":{"line":25,"column":null}}},"fnMap":{"0":{"name":"ArrowRightIcon","decl":{"start":{"line":1,"column":0},"end":{"line":1,"column":null}},"loc":{"start":{"line":1,"column":0},"end":{"line":13,"column":null}},"line":1}},"branchMap":{},"s":{"0":3,"1":3,"2":3,"3":3,"4":3,"5":3,"6":3,"7":3,"8":3},"f":{"0":3},"b":{},"meta":{"lastBranch":0,"lastFunction":1,"lastStatement":9,"seen":{"f:1:0:1:Infinity":0,"s:3:13:3:Infinity":0,"s:4:14:4:Infinity":1,"s:5:19:5:Infinity":2,"s:6:24:6:Infinity":3,"s:15:1:15:Infinity":4,"s:15:1:17:Infinity":5,"s:15:1:18:Infinity":6,"s:15:1:22:Infinity":7,"s:15:1:25:Infinity":8}}}
,"/home/jenkins/agent/workspace/clockwise-local/clockwise-dashboard/src/components/icons/BackIcon.svelte": {"path":"/home/jenkins/agent/workspace/clockwise-local/clockwise-dashboard/src/components/icons/BackIcon.svelte","statementMap":{"0":{"start":{"line":3,"column":13},"end":{"line":3,"column":null}},"1":{"start":{"line":4,"column":14},"end":{"line":4,"column":null}},"2":{"start":{"line":5,"column":19},"end":{"line":5,"column":null}},"3":{"start":{"line":6,"column":24},"end":{"line":6,"column":null}},"4":{"start":{"line":15,"column":1},"end":{"line":15,"column":null}},"5":{"start":{"line":15,"column":1},"end":{"line":17,"column":null}},"6":{"start":{"line":15,"column":1},"end":{"line":18,"column":null}},"7":{"start":{"line":15,"column":1},"end":{"line":22,"column":null}},"8":{"start":{"line":15,"column":1},"end":{"line":25,"column":null}}},"fnMap":{"0":{"name":"BackIcon","decl":{"start":{"line":1,"column":0},"end":{"line":1,"column":null}},"loc":{"start":{"line":1,"column":0},"end":{"line":13,"column":null}},"line":1}},"branchMap":{},"s":{"0":3,"1":3,"2":3,"3":3,"4":3,"5":3,"6":3,"7":3,"8":3},"f":{"0":3},"b":{},"meta":{"lastBranch":0,"lastFunction":1,"lastStatement":9,"seen":{"f:1:0:1:Infinity":0,"s:3:13:3:Infinity":0,"s:4:14:4:Infinity":1,"s:5:19:5:Infinity":2,"s:6:24:6:Infinity":3,"s:15:1:15:Infinity":4,"s:15:1:17:Infinity":5,"s:15:1:18:Infinity":6,"s:15:1:22:Infinity":7,"s:15:1:25:Infinity":8}}}
,"/home/jenkins/agent/workspace/clockwise-local/clockwise-dashboard/src/components/icons/ChevronDownIcon.svelte": {"path":"/home/jenkins/agent/workspace/clockwise-local/clockwise-dashboard/src/components/icons/ChevronDownIcon.svelte","statementMap":{"0":{"start":{"line":3,"column":13},"end":{"line":3,"column":null}},"1":{"start":{"line":4,"column":14},"end":{"line":4,"column":null}},"2":{"start":{"line":5,"column":19},"end":{"line":5,"column":null}},"3":{"start":{"line":6,"column":24},"end":{"line":6,"column":null}},"4":{"start":{"line":15,"column":1},"end":{"line":15,"column":null}},"5":{"start":{"line":15,"column":1},"end":{"line":17,"column":null}},"6":{"start":{"line":15,"column":1},"end":{"line":18,"column":null}},"7":{"start":{"line":15,"column":1},"end":{"line":22,"column":null}},"8":{"start":{"line":15,"column":1},"end":{"line":25,"column":null}}},"fnMap":{"0":{"name":"ChevronDownIcon","decl":{"start":{"line":1,"column":0},"end":{"line":1,"column":null}},"loc":{"start":{"line":1,"column":0},"end":{"line":13,"column":null}},"line":1}},"branchMap":{},"s":{"0":0,"1":0,"2":0,"3":0,"4":0,"5":0,"6":0,"7":0,"8":0},"f":{"0":0},"b":{},"meta":{"lastBranch":0,"lastFunction":1,"lastStatement":9,"seen":{"f:1:0:1:Infinity":0,"s:3:13:3:Infinity":0,"s:4:14:4:Infinity":1,"s:5:19:5:Infinity":2,"s:6:24:6:Infinity":3,"s:15:1:15:Infinity":4,"s:15:1:17:Infinity":5,"s:15:1:18:Infinity":6,"s:15:1:22:Infinity":7,"s:15:1:25:Infinity":8}}}
,"/home/jenkins/agent/workspace/clockwise-local/clockwise-dashboard/src/components/icons/CopyIcon.svelte": {"path":"/home/jenkins/agent/workspace/clockwise-local/clockwise-dashboard/src/components/icons/CopyIcon.svelte","statementMap":{"0":{"start":{"line":3,"column":13},"end":{"line":3,"column":null}},"1":{"start":{"line":4,"column":14},"end":{"line":4,"column":null}},"2":{"start":{"line":5,"column":19},"end":{"line":5,"column":null}},"3":{"start":{"line":6,"column":24},"end":{"line":6,"column":null}},"4":{"start":{"line":15,"column":1},"end":{"line":15,"column":null}},"5":{"start":{"line":15,"column":1},"end":{"line":17,"column":null}},"6":{"start":{"line":15,"column":1},"end":{"line":18,"column":null}},"7":{"start":{"line":15,"column":1},"end":{"line":22,"column":null}},"8":{"start":{"line":15,"column":1},"end":{"line":25,"column":null}}},"fnMap":{"0":{"name":"CopyIcon","decl":{"start":{"line":1,"column":0},"end":{"line":1,"column":null}},"loc":{"start":{"line":1,"column":0},"end":{"line":13,"column":null}},"line":1}},"branchMap":{},"s":{"0":6,"1":6,"2":6,"3":6,"4":6,"5":6,"6":6,"7":6,"8":6},"f":{"0":6},"b":{},"meta":{"lastBranch":0,"lastFunction":1,"lastStatement":9,"seen":{"f:1:0:1:Infinity":0,"s:3:13:3:Infinity":0,"s:4:14:4:Infinity":1,"s:5:19:5:Infinity":2,"s:6:24:6:Infinity":3,"s:15:1:15:Infinity":4,"s:15:1:17:Infinity":5,"s:15:1:18:Infinity":6,"s:15:1:22:Infinity":7,"s:15:1:25:Infinity":8}}}
,"/home/jenkins/agent/workspace/clockwise-local/clockwise-dashboard/src/components/icons/InfoIcon.svelte": {"path":"/home/jenkins/agent/workspace/clockwise-local/clockwise-dashboard/src/components/icons/InfoIcon.svelte","statementMap":{"0":{"start":{"line":3,"column":13},"end":{"line":3,"column":null}},"1":{"start":{"line":4,"column":14},"end":{"line":4,"column":null}},"2":{"start":{"line":5,"column":19},"end":{"line":5,"column":null}},"3":{"start":{"line":6,"column":24},"end":{"line":6,"column":null}},"4":{"start":{"line":15,"column":1},"end":{"line":15,"column":null}},"5":{"start":{"line":15,"column":1},"end":{"line":17,"column":null}},"6":{"start":{"line":15,"column":1},"end":{"line":18,"column":null}},"7":{"start":{"line":15,"column":1},"end":{"line":22,"column":null}},"8":{"start":{"line":15,"column":1},"end":{"line":25,"column":null}}},"fnMap":{"0":{"name":"InfoIcon","decl":{"start":{"line":1,"column":0},"end":{"line":1,"column":null}},"loc":{"start":{"line":1,"column":0},"end":{"line":13,"column":null}},"line":1}},"branchMap":{},"s":{"0":3,"1":3,"2":3,"3":3,"4":3,"5":3,"6":3,"7":3,"8":3},"f":{"0":3},"b":{},"meta":{"lastBranch":0,"lastFunction":1,"lastStatement":9,"seen":{"f:1:0:1:Infinity":0,"s:3:13:3:Infinity":0,"s:4:14:4:Infinity":1,"s:5:19:5:Infinity":2,"s:6:24:6:Infinity":3,"s:15:1:15:Infinity":4,"s:15:1:17:Infinity":5,"s:15:1:18:Infinity":6,"s:15:1:22:Infinity":7,"s:15:1:25:Infinity":8}}}
,"/home/jenkins/agent/workspace/clockwise-local/clockwise-dashboard/src/components/icons/LockIcon.svelte": {"path":"/home/jenkins/agent/workspace/clockwise-local/clockwise-dashboard/src/components/icons/LockIcon.svelte","statementMap":{"0":{"start":{"line":3,"column":13},"end":{"line":3,"column":null}},"1":{"start":{"line":4,"column":14},"end":{"line":4,"column":null}},"2":{"start":{"line":5,"column":19},"end":{"line":5,"column":null}},"3":{"start":{"line":6,"column":24},"end":{"line":6,"column":null}},"4":{"start":{"line":15,"column":1},"end":{"line":15,"column":null}},"5":{"start":{"line":15,"column":1},"end":{"line":17,"column":null}},"6":{"start":{"line":15,"column":1},"end":{"line":18,"column":null}},"7":{"start":{"line":15,"column":1},"end":{"line":22,"column":null}},"8":{"start":{"line":15,"column":1},"end":{"line":25,"column":null}}},"fnMap":{"0":{"name":"LockIcon","decl":{"start":{"line":1,"column":0},"end":{"line":1,"column":null}},"loc":{"start":{"line":1,"column":0},"end":{"line":13,"column":null}},"line":1}},"branchMap":{},"s":{"0":3,"1":3,"2":3,"3":3,"4":3,"5":3,"6":3,"7":3,"8":3},"f":{"0":3},"b":{},"meta":{"lastBranch":0,"lastFunction":1,"lastStatement":9,"seen":{"f:1:0:1:Infinity":0,"s:3:13:3:Infinity":0,"s:4:14:4:Infinity":1,"s:5:19:5:Infinity":2,"s:6:24:6:Infinity":3,"s:15:1:15:Infinity":4,"s:15:1:17:Infinity":5,"s:15:1:18:Infinity":6,"s:15:1:22:Infinity":7,"s:15:1:25:Infinity":8}}}
,"/home/jenkins/agent/workspace/clockwise-local/clockwise-dashboard/src/components/icons/PreferencesIcon.svelte": {"path":"/home/jenkins/agent/workspace/clockwise-local/clockwise-dashboard/src/components/icons/PreferencesIcon.svelte","statementMap":{"0":{"start":{"line":3,"column":13},"end":{"line":3,"column":null}},"1":{"start":{"line":4,"column":14},"end":{"line":4,"column":null}},"2":{"start":{"line":5,"column":19},"end":{"line":5,"column":null}},"3":{"start":{"line":6,"column":24},"end":{"line":6,"column":null}},"4":{"start":{"line":15,"column":1},"end":{"line":15,"column":null}},"5":{"start":{"line":15,"column":1},"end":{"line":17,"column":null}},"6":{"start":{"line":15,"column":1},"end":{"line":18,"column":null}},"7":{"start":{"line":15,"column":1},"end":{"line":22,"column":null}},"8":{"start":{"line":15,"column":1},"end":{"line":25,"column":null}}},"fnMap":{"0":{"name":"PreferencesIcon","decl":{"start":{"line":1,"column":0},"end":{"line":1,"column":null}},"loc":{"start":{"line":1,"column":0},"end":{"line":13,"column":null}},"line":1}},"branchMap":{},"s":{"0":3,"1":3,"2":3,"3":3,"4":3,"5":3,"6":3,"7":3,"8":3},"f":{"0":3},"b":{},"meta":{"lastBranch":0,"lastFunction":1,"lastStatement":9,"seen":{"f:1:0:1:Infinity":0,"s:3:13:3:Infinity":0,"s:4:14:4:Infinity":1,"s:5:19:5:Infinity":2,"s:6:24:6:Infinity":3,"s:15:1:15:Infinity":4,"s:15:1:17:Infinity":5,"s:15:1:18:Infinity":6,"s:15:1:22:Infinity":7,"s:15:1:25:Infinity":8}}}
,"/home/jenkins/agent/workspace/clockwise-local/clockwise-dashboard/src/components/icons/RefreshIcon.svelte": {"path":"/home/jenkins/agent/workspace/clockwise-local/clockwise-dashboard/src/components/icons/RefreshIcon.svelte","statementMap":{"0":{"start":{"line":3,"column":13},"end":{"line":3,"column":null}},"1":{"start":{"line":4,"column":14},"end":{"line":4,"column":null}},"2":{"start":{"line":5,"column":19},"end":{"line":5,"column":null}},"3":{"start":{"line":6,"column":24},"end":{"line":6,"column":null}},"4":{"start":{"line":15,"column":1},"end":{"line":15,"column":null}},"5":{"start":{"line":15,"column":1},"end":{"line":17,"column":null}},"6":{"start":{"line":15,"column":1},"end":{"line":18,"column":null}},"7":{"start":{"line":15,"column":1},"end":{"line":22,"column":null}},"8":{"start":{"line":15,"column":1},"end":{"line":25,"column":null}}},"fnMap":{"0":{"name":"RefreshIcon","decl":{"start":{"line":1,"column":0},"end":{"line":1,"column":null}},"loc":{"start":{"line":1,"column":0},"end":{"line":13,"column":null}},"line":1}},"branchMap":{},"s":{"0":0,"1":0,"2":0,"3":0,"4":0,"5":0,"6":0,"7":0,"8":0},"f":{"0":0},"b":{},"meta":{"lastBranch":0,"lastFunction":1,"lastStatement":9,"seen":{"f:1:0:1:Infinity":0,"s:3:13:3:Infinity":0,"s:4:14:4:Infinity":1,"s:5:19:5:Infinity":2,"s:6:24:6:Infinity":3,"s:15:1:15:Infinity":4,"s:15:1:17:Infinity":5,"s:15:1:18:Infinity":6,"s:15:1:22:Infinity":7,"s:15:1:25:Infinity":8}}}
,"/home/jenkins/agent/workspace/clockwise-local/clockwise-dashboard/src/components/settings/about.component.svelte": {"path":"/home/jenkins/agent/workspace/clockwise-local/clockwise-dashboard/src/components/settings/about.component.svelte","statementMap":{"0":{"start":{"line":6,"column":1},"end":{"line":6,"column":null}},"1":{"start":{"line":9,"column":8},"end":{"line":6,"column":null}},"2":{"start":{"line":10,"column":9},"end":{"line":9,"column":null}},"3":{"start":{"line":10,"column":9},"end":{"line":10,"column":null}},"4":{"start":{"line":13,"column":13},"end":{"line":13,"column":null}},"5":{"start":{"line":9,"column":5},"end":{"line":9,"column":null}},"6":{"start":{"line":23,"column":8},"end":{"line":9,"column":null}},"7":{"start":{"line":23,"column":5},"end":{"line":25,"column":null}},"8":{"start":{"line":24,"column":15},"end":{"line":24,"column":25}},"9":{"start":{"line":25,"column":13},"end":{"line":25,"column":null}},"10":{"start":{"line":25,"column":13},"end":{"line":29,"column":null}},"11":{"start":{"line":31,"column":17},"end":{"line":25,"column":null}},"12":{"start":{"line":31,"column":17},"end":{"line":31,"column":null}},"13":{"start":{"line":36,"column":21},"end":{"line":36,"column":null}},"14":{"start":{"line":36,"column":21},"end":{"line":37,"column":null}},"15":{"start":{"line":41,"column":25},"end":{"line":41,"column":null}},"16":{"start":{"line":44,"column":21},"end":{"line":44,"column":null}},"17":{"start":{"line":46,"column":26},"end":{"line":46,"column":null}},"18":{"start":{"line":35,"column":21},"end":{"line":35,"column":null}},"19":{"start":{"line":35,"column":30},"end":{"line":35,"column":null}},"20":{"start":{"line":33,"column":22},"end":{"line":33,"column":null}},"21":{"start":{"line":23,"column":5},"end":{"line":23,"column":null}}},"fnMap":{"0":{"name":"About_component","decl":{"start":{"line":1,"column":0},"end":{"line":1,"column":null}},"loc":{"start":{"line":1,"column":0},"end":{"line":4,"column":null}},"line":1},"1":{"name":"(anonymous_1)","decl":{"start":{"line":13,"column":13},"end":{"line":13,"column":21}},"loc":{"start":{"line":13,"column":13},"end":{"line":13,"column":null}},"line":13},"2":{"name":"(anonymous_2)","decl":{"start":{"line":23,"column":5},"end":{"line":23,"column":8}},"loc":{"start":{"line":23,"column":5},"end":{"line":25,"column":null}},"line":23},"3":{"name":"(anonymous_3)","decl":{"start":{"line":23,"column":8},"end":{"line":23,"column":null}},"loc":{"start":{"line":24,"column":15},"end":{"line":24,"column":25}},"line":24},"4":{"name":"(anonymous_4)","decl":{"start":{"line":24,"column":25},"end":{"line":24,"column":29}},"loc":{"start":{"line":24,"column":33},"end":{"line":25,"column":null}},"line":24},"5":{"name":"(anonymous_5)","decl":{"start":{"line":46,"column":26},"end":{"line":46,"column":30}},"loc":{"start":{"line":46,"column":26},"end":{"line":46,"column":null}},"line":46},"6":{"name":"(anonymous_6)","decl":{"start":{"line":33,"column":22},"end":{"line":33,"column":26}},"loc":{"start":{"line":33,"column":22},"end":{"line":33,"column":null}},"line":33}},"branchMap":{"0":{"loc":{"start":{"line":26,"column":142},"end":{"line":29,"column":24}},"type":"cond-expr","locations":[{"start":{"line":28,"column":22},"end":{"line":28,"column":33}},{"start":{"line":29,"column":22},"end":{"line":29,"column":24}}],"line":26},"1":{"loc":{"start":{"line":35,"column":21},"end":{"line":35,"column":null}},"type":"if","locations":[{"start":{"line":35,"column":21},"end":{"line":35,"column":null}},{"start":{"line":35,"column":30},"end":{"line":35,"column":null}}],"line":35}},"s":{"0":3,"1":3,"2":3,"3":3,"4":3,"5":3,"6":3,"7":3,"8":3,"9":18,"10":18,"11":18,"12":18,"13":3,"14":3,"15":3,"16":15,"17":15,"18":18,"19":15,"20":18,"21":3},"f":{"0":3,"1":3,"2":3,"3":3,"4":18,"5":15,"6":18},"b":{"0":[6,12],"1":[3,15]},"meta":{"lastBranch":2,"lastFunction":7,"lastStatement":22,"seen":{"f:1:0:1:Infinity":0,"s:6:1:6:Infinity":0,"s:9:8:6:Infinity":1,"s:10:9:9:Infinity":2,"s:10:9:10:Infinity":3,"s:13:13:13:Infinity":4,"f:13:13:13:21":1,"s:9:5:9:Infinity":5,"s:23:8:9:Infinity":6,"f:23:5:23:8":2,"s:23:5:25:Infinity":7,"f:23:8:23:Infinity":3,"s:24:15:24:25":8,"f:24:25:24:29":4,"s:25:13:25:Infinity":9,"s:25:13:29:Infinity":10,"b:28:22:28:33:29:22:29:24":0,"s:31:17:25:Infinity":11,"s:31:17:31:Infinity":12,"s:36:21:36:Infinity":13,"s:36:21:37:Infinity":14,"s:41:25:41:Infinity":15,"s:44:21:44:Infinity":16,"s:46:26:46:Infinity":17,"f:46:26:46:30":5,"b:35:21:35:Infinity:35:30:35:Infinity":1,"s:35:21:35:Infinity":18,"s:35:30:35:Infinity":19,"s:33:22:33:Infinity":20,"f:33:22:33:26":6,"s:23:5:23:Infinity":21}}}
,"/home/jenkins/agent/workspace/clockwise-local/clockwise-dashboard/src/components/settings/network-access.component.svelte": {"path":"/home/jenkins/agent/workspace/clockwise-local/clockwise-dashboard/src/components/settings/network-access.component.svelte","statementMap":{"0":{"start":{"line":15,"column":1},"end":{"line":15,"column":null}},"1":{"start":{"line":18,"column":8},"end":{"line":15,"column":null}},"2":{"start":{"line":19,"column":9},"end":{"line":18,"column":null}},"3":{"start":{"line":19,"column":9},"end":{"line":19,"column":null}},"4":{"start":{"line":22,"column":13},"end":{"line":22,"column":null}},"5":{"start":{"line":18,"column":5},"end":{"line":18,"column":null}},"6":{"start":{"line":34,"column":8},"end":{"line":18,"column":null}},"7":{"start":{"line":35,"column":9},"end":{"line":34,"column":null}},"8":{"start":{"line":44,"column":13},"end":{"line":35,"column":null}},"9":{"start":{"line":44,"column":13},"end":{"line":44,"column":null}},"10":{"start":{"line":48,"column":21},"end":{"line":48,"column":null}},"11":{"start":{"line":52,"column":21},"end":{"line":52,"column":null}},"12":{"start":{"line":59,"column":21},"end":{"line":52,"column":null}},"13":{"start":{"line":59,"column":21},"end":{"line":59,"column":null}},"14":{"start":{"line":65,"column":25},"end":{"line":65,"column":null}},"15":{"start":{"line":59,"column":21},"end":{"line":61,"column":null}},"16":{"start":{"line":61,"column":53},"end":{"line":61,"column":null}},"17":{"start":{"line":35,"column":9},"end":{"line":35,"column":null}},"18":{"start":{"line":34,"column":5},"end":{"line":34,"column":null}}},"fnMap":{"0":{"name":"Network_access_component","decl":{"start":{"line":1,"column":0},"end":{"line":1,"column":null}},"loc":{"start":{"line":1,"column":0},"end":{"line":13,"column":null}},"line":1},"1":{"name":"(anonymous_1)","decl":{"start":{"line":22,"column":13},"end":{"line":22,"column":27}},"loc":{"start":{"line":22,"column":13},"end":{"line":22,"column":null}},"line":22},"2":{"name":"(anonymous_2)","decl":{"start":{"line":65,"column":25},"end":{"line":65,"column":33}},"loc":{"start":{"line":65,"column":25},"end":{"line":65,"column":null}},"line":65},"3":{"name":"click","decl":{"start":{"line":59,"column":21},"end":{"line":59,"column":null}},"loc":{"start":{"line":59,"column":21},"end":{"line":61,"column":null}},"line":59}},"branchMap":{},"s":{"0":3,"1":3,"2":3,"3":3,"4":3,"5":3,"6":3,"7":3,"8":3,"9":3,"10":3,"11":3,"12":3,"13":3,"14":3,"15":3,"16":0,"17":3,"18":3},"f":{"0":3,"1":3,"2":3,"3":0},"b":{},"meta":{"lastBranch":0,"lastFunction":4,"lastStatement":19,"seen":{"f:1:0:1:Infinity":0,"s:15:1:15:Infinity":0,"s:18:8:15:Infinity":1,"s:19:9:18:Infinity":2,"s:19:9:19:Infinity":3,"s:22:13:22:Infinity":4,"f:22:13:22:27":1,"s:18:5:18:Infinity":5,"s:34:8:18:Infinity":6,"s:35:9:34:Infinity":7,"s:44:13:35:Infinity":8,"s:44:13:44:Infinity":9,"s:48:21:48:Infinity":10,"s:52:21:52:Infinity":11,"s:59:21:52:Infinity":12,"s:59:21:59:Infinity":13,"s:65:25:65:Infinity":14,"f:65:25:65:33":2,"s:59:21:61:Infinity":15,"f:59:21:59:Infinity":3,"s:61:53:61:Infinity":16,"s:35:9:35:Infinity":17,"s:34:5:34:Infinity":18}}}
,"/home/jenkins/agent/workspace/clockwise-local/clockwise-dashboard/src/components/settings/preferences.component.svelte": {"path":"/home/jenkins/agent/workspace/clockwise-local/clockwise-dashboard/src/components/settings/preferences.component.svelte","statementMap":{"0":{"start":{"line":11,"column":32},"end":{"line":11,"column":null}},"1":{"start":{"line":34,"column":1},"end":{"line":34,"column":null}},"2":{"start":{"line":37,"column":8},"end":{"line":34,"column":null}},"3":{"start":{"line":38,"column":9},"end":{"line":37,"column":null}},"4":{"start":{"line":38,"column":9},"end":{"line":38,"column":null}},"5":{"start":{"line":41,"column":13},"end":{"line":41,"column":null}},"6":{"start":{"line":37,"column":5},"end":{"line":37,"column":null}},"7":{"start":{"line":53,"column":8},"end":{"line":37,"column":null}},"8":{"start":{"line":53,"column":5},"end":{"line":53,"column":null}},"9":{"start":{"line":66,"column":17},"end":{"line":66,"column":null}},"10":{"start":{"line":75,"column":21},"end":{"line":66,"column":null}},"11":{"start":{"line":82,"column":25},"end":{"line":75,"column":null}},"12":{"start":{"line":75,"column":21},"end":{"line":75,"column":null}},"13":{"start":{"line":75,"column":21},"end":{"line":78,"column":null}},"14":{"start":{"line":82,"column":25},"end":{"line":85,"column":null}},"15":{"start":{"line":65,"column":34},"end":{"line":65,"column":null}},"16":{"start":{"line":65,"column":38},"end":{"line":65,"column":null}},"17":{"start":{"line":91,"column":13},"end":{"line":91,"column":null}},"18":{"start":{"line":99,"column":17},"end":{"line":91,"column":null}},"19":{"start":{"line":106,"column":21},"end":{"line":99,"column":null}},"20":{"start":{"line":99,"column":17},"end":{"line":99,"column":null}},"21":{"start":{"line":114,"column":13},"end":{"line":91,"column":null}},"22":{"start":{"line":117,"column":20},"end":{"line":114,"column":null}},"23":{"start":{"line":122,"column":24},"end":{"line":117,"column":null}},"24":{"start":{"line":123,"column":25},"end":{"line":122,"column":null}},"25":{"start":{"line":123,"column":25},"end":{"line":123,"column":null}},"26":{"start":{"line":134,"column":29},"end":{"line":134,"column":null}},"27":{"start":{"line":134,"column":29},"end":{"line":137,"column":null}},"28":{"start":{"line":140,"column":38},"end":{"line":141,"column":null}},"29":{"start":{"line":122,"column":21},"end":{"line":122,"column":null}},"30":{"start":{"line":117,"column":17},"end":{"line":117,"column":null}},"31":{"start":{"line":147,"column":20},"end":{"line":117,"column":null}},"32":{"start":{"line":148,"column":21},"end":{"line":147,"column":null}},"33":{"start":{"line":148,"column":21},"end":{"line":148,"column":null}},"34":{"start":{"line":153,"column":25},"end":{"line":153,"column":null}},"35":{"start":{"line":155,"column":24},"end":{"line":148,"column":null}},"36":{"start":{"line":156,"column":25},"end":{"line":155,"column":null}},"37":{"start":{"line":163,"column":29},"end":{"line":156,"column":null}},"38":{"start":{"line":163,"column":29},"end":{"line":163,"column":null}},"39":{"start":{"line":169,"column":47},"end":{"line":170,"column":null}},"40":{"start":{"line":169,"column":47},"end":{"line":169,"column":54}},"41":{"start":{"line":170,"column":33},"end":{"line":170,"column":null}},"42":{"start":{"line":174,"column":37},"end":{"line":174,"column":null}},"43":{"start":{"line":171,"column":43},"end":{"line":171,"column":null}},"44":{"start":{"line":170,"column":33},"end":{"line":171,"column":null}},"45":{"start":{"line":178,"column":33},"end":{"line":178,"column":null}},"46":{"start":{"line":177,"column":42},"end":{"line":177,"column":null}},"47":{"start":{"line":177,"column":54},"end":{"line":177,"column":null}},"48":{"start":{"line":156,"column":25},"end":{"line":156,"column":null}},"49":{"start":{"line":186,"column":25},"end":{"line":156,"column":null}},"50":{"start":{"line":186,"column":25},"end":{"line":186,"column":null}},"51":{"start":{"line":189,"column":29},"end":{"line":189,"column":null}},"52":{"start":{"line":155,"column":21},"end":{"line":155,"column":null}},"53":{"start":{"line":193,"column":21},"end":{"line":155,"column":null}},"54":{"start":{"line":147,"column":17},"end":{"line":147,"column":null}},"55":{"start":{"line":114,"column":13},"end":{"line":114,"column":null}},"56":{"start":{"line":99,"column":17},"end":{"line":102,"column":null}},"57":{"start":{"line":106,"column":21},"end":{"line":109,"column":null}},"58":{"start":{"line":123,"column":25},"end":{"line":128,"column":null}},"59":{"start":{"line":131,"column":32},"end":{"line":131,"column":null}},"60":{"start":{"line":163,"column":29},"end":{"line":166,"column":null}},"61":{"start":{"line":158,"column":35},"end":{"line":158,"column":null}},"62":{"start":{"line":193,"column":21},"end":{"line":193,"column":null}},"63":{"start":{"line":193,"column":21},"end":{"line":201,"column":null}},"64":{"start":{"line":156,"column":25},"end":{"line":161,"column":null}},"65":{"start":{"line":160,"column":33},"end":{"line":161,"column":null}},"66":{"start":{"line":193,"column":21},"end":{"line":196,"column":null}},"67":{"start":{"line":196,"column":32},"end":{"line":196,"column":null}},"68":{"start":{"line":54,"column":23},"end":{"line":54,"column":null}},"69":{"start":{"line":54,"column":29},"end":{"line":54,"column":null}}},"fnMap":{"0":{"name":"Preferences_component","decl":{"start":{"line":1,"column":0},"end":{"line":1,"column":null}},"loc":{"start":{"line":1,"column":0},"end":{"line":32,"column":null}},"line":1},"1":{"name":"(anonymous_1)","decl":{"start":{"line":41,"column":13},"end":{"line":41,"column":28}},"loc":{"start":{"line":41,"column":13},"end":{"line":41,"column":null}},"line":41},"2":{"name":"(anonymous_2)","decl":{"start":{"line":75,"column":21},"end":{"line":75,"column":null}},"loc":{"start":{"line":75,"column":21},"end":{"line":75,"column":null}},"line":75},"3":{"name":"(anonymous_3)","decl":{"start":{"line":153,"column":25},"end":{"line":153,"column":36}},"loc":{"start":{"line":153,"column":25},"end":{"line":153,"column":null}},"line":153},"4":{"name":"(anonymous_4)","decl":{"start":{"line":169,"column":47},"end":{"line":169,"column":54}},"loc":{"start":{"line":169,"column":47},"end":{"line":170,"column":null}},"line":169},"5":{"name":"(anonymous_5)","decl":{"start":{"line":189,"column":29},"end":{"line":189,"column":44}},"loc":{"start":{"line":189,"column":29},"end":{"line":189,"column":null}},"line":189},"6":{"name":"(anonymous_6)","decl":{"start":{"line":99,"column":17},"end":{"line":99,"column":null}},"loc":{"start":{"line":99,"column":17},"end":{"line":99,"column":null}},"line":99},"7":{"name":"(anonymous_7)","decl":{"start":{"line":148,"column":21},"end":{"line":148,"column":null}},"loc":{"start":{"line":148,"column":21},"end":{"line":148,"column":null}},"line":148},"8":{"name":"change","decl":{"start":{"line":156,"column":25},"end":{"line":156,"column":null}},"loc":{"start":{"line":159,"column":40},"end":{"line":161,"column":null}},"line":159},"9":{"name":"click","decl":{"start":{"line":193,"column":21},"end":{"line":193,"column":null}},"loc":{"start":{"line":193,"column":21},"end":{"line":196,"column":null}},"line":193}},"branchMap":{"0":{"loc":{"start":{"line":75,"column":21},"end":{"line":78,"column":43}},"type":"cond-expr","locations":[{"start":{"line":77,"column":30},"end":{"line":77,"column":null}},{"start":{"line":78,"column":30},"end":{"line":78,"column":43}}],"line":75},"1":{"loc":{"start":{"line":82,"column":25},"end":{"line":85,"column":49}},"type":"cond-expr","locations":[{"start":{"line":84,"column":34},"end":{"line":84,"column":48}},{"start":{"line":85,"column":34},"end":{"line":85,"column":49}}],"line":82},"2":{"loc":{"start":{"line":65,"column":34},"end":{"line":65,"column":null}},"type":"if","locations":[{"start":{"line":65,"column":34},"end":{"line":65,"column":null}},{"start":{},"end":{}}],"line":65},"3":{"loc":{"start":{"line":134,"column":29},"end":{"line":137,"column":91}},"type":"cond-expr","locations":[{"start":{"line":136,"column":38},"end":{"line":136,"column":null}},{"start":{"line":137,"column":38},"end":{"line":137,"column":91}}],"line":134},"4":{"loc":{"start":{"line":140,"column":38},"end":{"line":141,"column":47}},"type":"cond-expr","locations":[{"start":{"line":140,"column":38},"end":{"line":140,"column":48}},{"start":{"line":141,"column":38},"end":{"line":141,"column":47}}],"line":140},"5":{"loc":{"start":{"line":174,"column":37},"end":{"line":174,"column":53}},"type":"binary-expr","locations":[{"start":{"line":174,"column":37},"end":{"line":174,"column":49}},{"start":{"line":174,"column":49},"end":{"line":174,"column":53}}],"line":174},"6":{"loc":{"start":{"line":174,"column":49},"end":{"line":174,"column":69}},"type":"binary-expr","locations":[{"start":{"line":174,"column":49},"end":{"line":174,"column":66}},{"start":{"line":174,"column":66},"end":{"line":174,"column":69}}],"line":174},"7":{"loc":{"start":{"line":174,"column":66},"end":{"line":174,"column":null}},"type":"binary-expr","locations":[{"start":{"line":174,"column":66},"end":{"line":174,"column":83}},{"start":{"line":174,"column":83},"end":{"line":174,"column":null}}],"line":174},"8":{"loc":{"start":{"line":171,"column":43},"end":{"line":171,"column":null}},"type":"if","locations":[{"start":{"line":171,"column":43},"end":{"line":171,"column":null}},{"start":{},"end":{}}],"line":171},"9":{"loc":{"start":{"line":170,"column":33},"end":{"line":171,"column":null}},"type":"binary-expr","locations":[{"start":{"line":170,"column":33},"end":{"line":171,"column":55}},{"start":{"line":171,"column":55},"end":{"line":171,"column":null}}],"line":170},"10":{"loc":{"start":{"line":177,"column":42},"end":{"line":177,"column":null}},"type":"if","locations":[{"start":{"line":177,"column":42},"end":{"line":177,"column":null}},{"start":{},"end":{}}],"line":177},"11":{"loc":{"start":{"line":99,"column":17},"end":{"line":102,"column":39}},"type":"cond-expr","locations":[{"start":{"line":101,"column":26},"end":{"line":101,"column":null}},{"start":{"line":102,"column":26},"end":{"line":102,"column":39}}],"line":99},"12":{"loc":{"start":{"line":106,"column":21},"end":{"line":109,"column":45}},"type":"cond-expr","locations":[{"start":{"line":108,"column":30},"end":{"line":108,"column":44}},{"start":{"line":109,"column":30},"end":{"line":109,"column":45}}],"line":106},"13":{"loc":{"start":{"line":123,"column":25},"end":{"line":128,"column":49}},"type":"cond-expr","locations":[{"start":{"line":126,"column":38},"end":{"line":127,"column":null}},{"start":{"line":128,"column":34},"end":{"line":128,"column":49}}],"line":123},"14":{"loc":{"start":{"line":126,"column":38},"end":{"line":127,"column":null}},"type":"cond-expr","locations":[{"start":{"line":126,"column":38},"end":{"line":126,"column":52}},{"start":{"line":127,"column":38},"end":{"line":127,"column":null}}],"line":126},"15":{"loc":{"start":{"line":131,"column":32},"end":{"line":131,"column":47}},"type":"binary-expr","locations":[{"start":{"line":131,"column":32},"end":{"line":131,"column":47}},{"start":{"line":131,"column":32},"end":{"line":131,"column":47}}],"line":131},"16":{"loc":{"start":{"line":158,"column":35},"end":{"line":158,"column":null}},"type":"if","locations":[{"start":{"line":158,"column":35},"end":{"line":158,"column":null}},{"start":{},"end":{}}],"line":158},"17":{"loc":{"start":{"line":156,"column":25},"end":{"line":158,"column":null}},"type":"binary-expr","locations":[{"start":{"line":156,"column":25},"end":{"line":158,"column":null}},{"start":{"line":158,"column":59},"end":{"line":158,"column":null}}],"line":156},"18":{"loc":{"start":{"line":193,"column":21},"end":{"line":201,"column":86}},"type":"cond-expr","locations":[{"start":{"line":200,"column":30},"end":{"line":200,"column":null}},{"start":{"line":201,"column":30},"end":{"line":201,"column":86}}],"line":193},"19":{"loc":{"start":{"line":54,"column":23},"end":{"line":54,"column":null}},"type":"if","locations":[{"start":{"line":54,"column":23},"end":{"line":54,"column":null}},{"start":{"line":54,"column":29},"end":{"line":54,"column":null}}],"line":54},"20":{"loc":{"start":{"line":54,"column":23},"end":{"line":54,"column":null}},"type":"binary-expr","locations":[{"start":{"line":54,"column":23},"end":{"line":54,"column":29}},{"start":{"line":54,"column":29},"end":{"line":54,"column":null}}],"line":54}},"s":{"0":3,"1":3,"2":3,"3":3,"4":3,"5":3,"6":3,"7":3,"8":3,"9":0,"10":0,"11":0,"12":0,"13":0,"14":0,"15":0,"16":0,"17":0,"18":0,"19":0,"20":0,"21":0,"22":0,"23":0,"24":0,"25":0,"26":0,"27":0,"28":0,"29":0,"30":0,"31":0,"32":0,"33":0,"34":0,"35":0,"36":0,"37":0,"38":0,"39":0,"40":0,"41":0,"42":0,"43":0,"44":0,"45":0,"46":0,"47":0,"48":0,"49":0,"50":0,"51":0,"52":0,"53":0,"54":0,"55":0,"56":0,"57":0,"58":0,"59":0,"60":0,"61":0,"62":0,"63":0,"64":0,"65":0,"66":0,"67":0,"68":3,"69":0},"f":{"0":3,"1":3,"2":0,"3":0,"4":0,"5":0,"6":0,"7":0,"8":0,"9":0},"b":{"0":[0,0],"1":[0,0],"2":[0,0],"3":[0,0],"4":[0,0],"5":[0,0],"6":[0,0],"7":[0,0],"8":[0,0],"9":[0,0],"10":[0,0],"11":[0,0],"12":[0,0],"13":[0,0],"14":[0,0],"15":[0,0],"16":[0,0],"17":[0,0],"18":[0,0],"19":[3,0],"20":[3,3]},"meta":{"lastBranch":21,"lastFunction":10,"lastStatement":70,"seen":{"f:1:0:1:Infinity":0,"s:11:32:11:Infinity":0,"s:34:1:34:Infinity":1,"s:37:8:34:Infinity":2,"s:38:9:37:Infinity":3,"s:38:9:38:Infinity":4,"s:41:13:41:Infinity":5,"f:41:13:41:28":1,"s:37:5:37:Infinity":6,"s:53:8:37:Infinity":7,"s:53:5:53:Infinity":8,"s:66:17:66:Infinity":9,"s:75:21:66:Infinity":10,"s:82:25:75:Infinity":11,"s:75:21:75:Infinity":12,"s:75:21:78:Infinity":13,"b:77:30:77:Infinity:78:30:78:43":0,"s:82:25:85:Infinity":14,"b:84:34:84:48:85:34:85:49":1,"f:75:21:75:Infinity":2,"b:65:34:65:Infinity:undefined:undefined:undefined:undefined":2,"s:65:34:65:Infinity":15,"s:65:38:65:Infinity":16,"s:91:13:91:Infinity":17,"s:99:17:91:Infinity":18,"s:106:21:99:Infinity":19,"s:99:17:99:Infinity":20,"s:114:13:91:Infinity":21,"s:117:20:114:Infinity":22,"s:122:24:117:Infinity":23,"s:123:25:122:Infinity":24,"s:123:25:123:Infinity":25,"s:134:29:134:Infinity":26,"s:134:29:137:Infinity":27,"b:136:38:136:Infinity:137:38:137:91":3,"s:140:38:141:Infinity":28,"b:140:38:140:48:141:38:141:47":4,"s:122:21:122:Infinity":29,"s:117:17:117:Infinity":30,"s:147:20:117:Infinity":31,"s:148:21:147:Infinity":32,"s:148:21:148:Infinity":33,"s:153:25:153:Infinity":34,"f:153:25:153:36":3,"s:155:24:148:Infinity":35,"s:156:25:155:Infinity":36,"s:163:29:156:Infinity":37,"s:163:29:163:Infinity":38,"f:169:47:169:54":4,"s:169:47:170:Infinity":39,"s:169:47:169:54":40,"s:170:33:170:Infinity":41,"s:174:37:174:Infinity":42,"b:174:37:174:49:174:49:174:53":5,"b:174:49:174:66:174:66:174:69":6,"b:174:66:174:83:174:83:174:Infinity":7,"b:171:43:171:Infinity:undefined:undefined:undefined:undefined":8,"s:171:43:171:Infinity":43,"s:170:33:171:Infinity":44,"b:170:33:171:55:171:55:171:Infinity":9,"s:178:33:178:Infinity":45,"b:177:42:177:Infinity:undefined:undefined:undefined:undefined":10,"s:177:42:177:Infinity":46,"s:177:54:177:Infinity":47,"s:156:25:156:Infinity":48,"s:186:25:156:Infinity":49,"s:186:25:186:Infinity":50,"s:189:29:189:Infinity":51,"f:189:29:189:44":5,"s:155:21:155:Infinity":52,"s:193:21:155:Infinity":53,"s:147:17:147:Infinity":54,"s:114:13:114:Infinity":55,"s:99:17:102:Infinity":56,"b:101:26:101:Infinity:102:26:102:39":11,"s:106:21:109:Infinity":57,"b:108:30:108:44:109:30:109:45":12,"s:123:25:128:Infinity":58,"b:126:38:127:Infinity:128:34:128:49":13,"b:126:38:126:52:127:38:127:Infinity":14,"s:131:32:131:Infinity":59,"b:131:32:131:47:131:32:131:47":15,"s:163:29:166:Infinity":60,"b:158:35:158:Infinity:undefined:undefined:undefined:undefined":16,"s:158:35:158:Infinity":61,"b:156:25:158:Infinity:158:59:158:Infinity":17,"s:193:21:193:Infinity":62,"s:193:21:201:Infinity":63,"b:200:30:200:Infinity:201:30:201:86":18,"f:99:17:99:Infinity":6,"f:148:21:148:Infinity":7,"s:156:25:161:Infinity":64,"f:156:25:156:Infinity":8,"s:160:33:161:Infinity":65,"s:193:21:196:Infinity":66,"f:193:21:193:Infinity":9,"s:196:32:196:Infinity":67,"b:54:23:54:Infinity:54:29:54:Infinity":19,"s:54:23:54:Infinity":68,"b:54:23:54:29:54:29:54:Infinity":20,"s:54:29:54:Infinity":69}}}
,"/home/jenkins/agent/workspace/clockwise-local/clockwise-dashboard/src/components/settings/security.component.svelte": {"path":"/home/jenkins/agent/workspace/clockwise-local/clockwise-dashboard/src/components/settings/security.component.svelte","statementMap":{"0":{"start":{"line":17,"column":1},"end":{"line":17,"column":null}},"1":{"start":{"line":20,"column":8},"end":{"line":17,"column":null}},"2":{"start":{"line":21,"column":9},"end":{"line":20,"column":null}},"3":{"start":{"line":21,"column":9},"end":{"line":21,"column":null}},"4":{"start":{"line":24,"column":13},"end":{"line":24,"column":null}},"5":{"start":{"line":20,"column":5},"end":{"line":20,"column":null}},"6":{"start":{"line":34,"column":8},"end":{"line":20,"column":null}},"7":{"start":{"line":35,"column":9},"end":{"line":34,"column":null}},"8":{"start":{"line":43,"column":13},"end":{"line":35,"column":null}},"9":{"start":{"line":50,"column":17},"end":{"line":43,"column":null}},"10":{"start":{"line":43,"column":13},"end":{"line":43,"column":null}},"11":{"start":{"line":35,"column":9},"end":{"line":35,"column":null}},"12":{"start":{"line":58,"column":9},"end":{"line":35,"column":null}},"13":{"start":{"line":68,"column":16},"end":{"line":58,"column":null}},"14":{"start":{"line":68,"column":13},"end":{"line":68,"column":null}},"15":{"start":{"line":70,"column":21},"end":{"line":70,"column":null}},"16":{"start":{"line":74,"column":21},"end":{"line":74,"column":null}},"17":{"start":{"line":78,"column":21},"end":{"line":74,"column":null}},"18":{"start":{"line":78,"column":21},"end":{"line":78,"column":null}},"19":{"start":{"line":84,"column":25},"end":{"line":84,"column":null}},"20":{"start":{"line":78,"column":21},"end":{"line":79,"column":null}},"21":{"start":{"line":79,"column":59},"end":{"line":79,"column":null}},"22":{"start":{"line":58,"column":9},"end":{"line":58,"column":null}},"23":{"start":{"line":34,"column":5},"end":{"line":34,"column":null}},"24":{"start":{"line":43,"column":13},"end":{"line":46,"column":null}},"25":{"start":{"line":50,"column":17},"end":{"line":53,"column":null}},"26":{"start":{"line":58,"column":9},"end":{"line":61,"column":null}}},"fnMap":{"0":{"name":"Security_component","decl":{"start":{"line":1,"column":0},"end":{"line":1,"column":null}},"loc":{"start":{"line":1,"column":0},"end":{"line":15,"column":null}},"line":1},"1":{"name":"(anonymous_1)","decl":{"start":{"line":24,"column":13},"end":{"line":24,"column":21}},"loc":{"start":{"line":24,"column":13},"end":{"line":24,"column":null}},"line":24},"2":{"name":"(anonymous_2)","decl":{"start":{"line":84,"column":25},"end":{"line":84,"column":33}},"loc":{"start":{"line":84,"column":25},"end":{"line":84,"column":null}},"line":84},"3":{"name":"click","decl":{"start":{"line":78,"column":21},"end":{"line":78,"column":null}},"loc":{"start":{"line":78,"column":21},"end":{"line":79,"column":null}},"line":78},"4":{"name":"(anonymous_4)","decl":{"start":{"line":43,"column":13},"end":{"line":43,"column":null}},"loc":{"start":{"line":43,"column":13},"end":{"line":43,"column":null}},"line":43}},"branchMap":{"0":{"loc":{"start":{"line":43,"column":13},"end":{"line":46,"column":35}},"type":"cond-expr","locations":[{"start":{"line":45,"column":22},"end":{"line":45,"column":null}},{"start":{"line":46,"column":22},"end":{"line":46,"column":35}}],"line":43},"1":{"loc":{"start":{"line":50,"column":17},"end":{"line":53,"column":41}},"type":"cond-expr","locations":[{"start":{"line":52,"column":26},"end":{"line":52,"column":40}},{"start":{"line":53,"column":26},"end":{"line":53,"column":41}}],"line":50},"2":{"loc":{"start":{"line":58,"column":9},"end":{"line":61,"column":50}},"type":"cond-expr","locations":[{"start":{"line":60,"column":18},"end":{"line":60,"column":30}},{"start":{"line":61,"column":18},"end":{"line":61,"column":50}}],"line":58}},"s":{"0":3,"1":3,"2":3,"3":3,"4":3,"5":3,"6":3,"7":3,"8":3,"9":3,"10":3,"11":3,"12":3,"13":3,"14":3,"15":0,"16":3,"17":3,"18":6,"19":3,"20":3,"21":0,"22":3,"23":3,"24":6,"25":6,"26":6},"f":{"0":3,"1":3,"2":3,"3":0,"4":0},"b":{"0":[3,3],"1":[3,3],"2":[3,3]},"meta":{"lastBranch":3,"lastFunction":5,"lastStatement":27,"seen":{"f:1:0:1:Infinity":0,"s:17:1:17:Infinity":0,"s:20:8:17:Infinity":1,"s:21:9:20:Infinity":2,"s:21:9:21:Infinity":3,"s:24:13:24:Infinity":4,"f:24:13:24:21":1,"s:20:5:20:Infinity":5,"s:34:8:20:Infinity":6,"s:35:9:34:Infinity":7,"s:43:13:35:Infinity":8,"s:50:17:43:Infinity":9,"s:43:13:43:Infinity":10,"s:35:9:35:Infinity":11,"s:58:9:35:Infinity":12,"s:68:16:58:Infinity":13,"s:68:13:68:Infinity":14,"s:70:21:70:Infinity":15,"s:74:21:74:Infinity":16,"s:78:21:74:Infinity":17,"s:78:21:78:Infinity":18,"s:84:25:84:Infinity":19,"f:84:25:84:33":2,"s:78:21:79:Infinity":20,"f:78:21:78:Infinity":3,"s:79:59:79:Infinity":21,"s:58:9:58:Infinity":22,"s:34:5:34:Infinity":23,"s:43:13:46:Infinity":24,"b:45:22:45:Infinity:46:22:46:35":0,"s:50:17:53:Infinity":25,"b:52:26:52:40:53:26:53:41":1,"s:58:9:61:Infinity":26,"b:60:18:60:30:61:18:61:50":2,"f:43:13:43:Infinity":4}}}
,"/home/jenkins/agent/workspace/clockwise-local/clockwise-dashboard/src/lib/version.ts": {"path":"/home/jenkins/agent/workspace/clockwise-local/clockwise-dashboard/src/lib/version.ts","statementMap":{"0":{"start":{"line":1,"column":27},"end":{"line":7,"column":null}},"1":{"start":{"line":9,"column":26},"end":{"line":16,"column":null}}},"fnMap":{},"branchMap":{},"s":{"0":1,"1":1},"f":{},"b":{},"meta":{"lastBranch":0,"lastFunction":0,"lastStatement":2,"seen":{"s:1:27:7:Infinity":0,"s:9:26:16:Infinity":1}}}
}
