TN:
SF:src/components/progress-bar.component.svelte
FN:1,Progress_bar_component
FN:14,(anonymous_1)
FN:16,(anonymous_2)
FNF:3
FNH:3
FNDA:9,Progress_bar_component
FNDA:13,(anonymous_1)
FNDA:13,(anonymous_2)
DA:2,13
DA:5,9
DA:14,13
DA:16,13
LF:4
LH:4
BRDA:14,0,0,13
BRDA:14,0,1,0
BRF:2
BRH:1
end_of_record
TN:
SF:src/components/settings.component.svelte
FN:1,Settings_component
FN:23,(anonymous_1)
FN:38,(anonymous_2)
FN:39,(anonymous_3)
FN:42,(anonymous_4)
FN:47,fetchSettings
FN:62,fetchStatus
FN:75,togglePin
FN:94,toggleAutoLaunch
FN:113,toggleStartAtLogin
FN:132,checkAutostart
FN:144,fetchMonitors
FN:161,updatePreferredMonitor
FN:182,fetchServerPin
FN:205,fetchLocalIp
FN:226,(anonymous_15)
FN:244,copyText
FN:270,(anonymous_17)
FN:282,(anonymous_18)
FN:283,(anonymous_19)
FN:285,(anonymous_20)
FN:291,(anonymous_21)
FN:300,(anonymous_22)
FNF:23
FNH:15
FNDA:3,Settings_component
FNDA:3,(anonymous_1)
FNDA:0,(anonymous_2)
FNDA:0,(anonymous_3)
FNDA:0,(anonymous_4)
FNDA:3,fetchSettings
FNDA:3,fetchStatus
FNDA:0,togglePin
FNDA:0,toggleAutoLaunch
FNDA:0,toggleStartAtLogin
FNDA:3,checkAutostart
FNDA:3,fetchMonitors
FNDA:0,updatePreferredMonitor
FNDA:3,fetchServerPin
FNDA:3,fetchLocalIp
FNDA:3,(anonymous_15)
FNDA:0,copyText
FNDA:3,(anonymous_17)
FNDA:3,(anonymous_18)
FNDA:3,(anonymous_19)
FNDA:3,(anonymous_20)
FNDA:3,(anonymous_21)
FNDA:3,(anonymous_22)
DA:21,3
DA:22,3
DA:23,3
DA:24,3
DA:25,3
DA:26,3
DA:27,3
DA:30,3
DA:31,3
DA:32,3
DA:33,3
DA:34,3
DA:37,3
DA:38,0
DA:39,0
DA:42,0
DA:45,3
DA:48,3
DA:49,3
DA:50,3
DA:51,3
DA:52,3
DA:53,3
DA:54,3
DA:55,3
DA:58,0
DA:63,3
DA:64,3
DA:65,3
DA:66,3
DA:67,3
DA:68,3
DA:71,0
DA:76,0
DA:77,0
DA:82,0
DA:83,0
DA:84,0
DA:85,0
DA:90,0
DA:95,0
DA:96,0
DA:97,0
DA:98,0
DA:105,0
DA:106,0
DA:109,0
DA:114,0
DA:115,0
DA:118,0
DA:119,0
DA:121,0
DA:123,0
DA:124,0
DA:128,0
DA:133,3
DA:134,3
DA:135,3
DA:136,3
DA:139,0
DA:140,0
DA:146,3
DA:152,3
DA:153,3
DA:154,3
DA:155,0
DA:157,3
DA:162,0
DA:163,0
DA:164,0
DA:171,0
DA:172,0
DA:174,0
DA:177,0
DA:178,0
DA:183,3
DA:184,3
DA:185,3
DA:186,3
DA:189,3
DA:192,3
DA:193,0
DA:196,3
DA:197,3
DA:198,3
DA:200,0
DA:201,0
DA:206,3
DA:210,3
DA:211,3
DA:213,3
DA:214,3
DA:215,3
DA:216,3
DA:217,3
DA:218,3
DA:222,0
DA:226,3
DA:227,3
DA:231,3
DA:232,3
DA:233,3
DA:234,3
DA:235,3
DA:236,3
DA:237,3
DA:241,3
DA:245,0
DA:246,0
DA:247,0
DA:249,0
DA:254,3
DA:258,3
DA:266,3
DA:270,3
DA:275,3
DA:278,3
DA:279,3
DA:282,6
DA:283,24
DA:284,6
DA:285,3
DA:286,3
DA:287,0
DA:288,0
DA:289,3
DA:290,0
DA:292,0
DA:293,0
DA:300,3
LF:130
LH:79
BRDA:22,0,0,3
BRDA:22,0,1,3
BRDA:23,1,0,3
BRDA:23,1,1,0
BRDA:24,2,0,3
BRDA:24,2,1,0
BRDA:25,3,0,3
BRDA:25,3,1,0
BRDA:26,4,0,3
BRDA:26,4,1,0
BRDA:27,5,0,3
BRDA:27,5,1,3
BRDA:33,6,0,3
BRDA:33,6,1,3
BRDA:34,7,0,3
BRDA:34,7,1,3
BRDA:38,8,0,0
BRDA:38,8,1,0
BRDA:50,9,0,3
BRDA:50,9,1,0
BRDA:53,10,0,3
BRDA:53,10,1,3
BRDA:65,11,0,3
BRDA:65,11,1,0
BRDA:82,12,0,0
BRDA:82,12,1,0
BRDA:85,13,0,0
BRDA:85,13,1,0
BRDA:105,14,0,0
BRDA:105,14,1,0
BRDA:106,15,0,0
BRDA:106,15,1,0
BRDA:118,16,0,0
BRDA:118,16,1,0
BRDA:124,17,0,0
BRDA:124,17,1,0
BRDA:146,18,0,0
BRDA:146,18,1,3
BRDA:146,19,0,3
BRDA:146,19,1,3
BRDA:171,20,0,0
BRDA:171,20,1,0
BRDA:185,21,0,3
BRDA:185,21,1,0
BRDA:192,22,0,0
BRDA:192,22,1,3
BRDA:197,23,0,3
BRDA:197,23,1,3
BRDA:206,24,0,0
BRDA:206,24,1,3
BRDA:216,25,0,3
BRDA:216,25,1,0
BRDA:227,26,0,3
BRDA:227,26,1,3
BRDA:235,27,0,3
BRDA:235,27,1,0
BRDA:284,28,0,3
BRDA:284,28,1,3
BRDA:284,29,0,6
BRDA:284,29,1,3
BRF:60
BRH:32
end_of_record
TN:
SF:src/components/timer.component.svelte
FN:1,Timer_component
FN:7,(anonymous_1)
FN:8,(anonymous_2)
FN:17,(anonymous_3)
FN:18,(anonymous_4)
FN:19,(anonymous_5)
FN:21,(anonymous_6)
FN:24,(anonymous_7)
FN:28,formatTime
FN:40,(anonymous_9)
FN:41,(anonymous_10)
FN:48,(anonymous_11)
FN:66,(anonymous_12)
FN:63,(anonymous_13)
FNF:14
FNH:14
FNDA:5,Timer_component
FNDA:5,(anonymous_1)
FNDA:5,(anonymous_2)
FNDA:10,(anonymous_3)
FNDA:10,(anonymous_4)
FNDA:10,(anonymous_5)
FNDA:9,(anonymous_6)
FNDA:9,(anonymous_7)
FNDA:9,formatTime
FNDA:5,(anonymous_9)
FNDA:5,(anonymous_10)
FNDA:5,(anonymous_11)
FNDA:5,(anonymous_12)
FNDA:9,(anonymous_13)
DA:7,5
DA:8,5
DA:14,5
DA:15,5
DA:17,10
DA:18,10
DA:19,10
DA:21,9
DA:24,9
DA:29,9
DA:30,9
DA:31,9
DA:33,9
DA:34,1
DA:36,8
DA:40,5
DA:41,5
DA:42,5
DA:43,5
DA:44,5
DA:48,5
DA:49,5
DA:53,5
DA:56,9
DA:63,9
DA:66,14
LF:26
LH:26
BRDA:17,0,0,10
BRDA:17,0,1,5
BRDA:18,1,0,10
BRDA:18,1,1,5
BRDA:19,2,0,10
BRDA:19,2,1,5
BRDA:21,3,0,9
BRDA:21,3,1,3
BRDA:21,3,2,1
BRDA:24,4,0,9
BRDA:24,4,1,3
BRDA:24,4,2,8
BRDA:33,5,0,1
BRDA:33,5,1,8
BRDA:49,6,0,5
BRDA:49,6,1,0
BRF:16
BRH:15
end_of_record
TN:
SF:src/components/icons/ArrowRightIcon.svelte
FN:1,ArrowRightIcon
FNF:1
FNH:1
FNDA:3,ArrowRightIcon
DA:3,3
DA:4,3
DA:5,3
DA:6,3
DA:15,3
LF:5
LH:5
BRF:0
BRH:0
end_of_record
TN:
SF:src/components/icons/BackIcon.svelte
FN:1,BackIcon
FNF:1
FNH:1
FNDA:3,BackIcon
DA:3,3
DA:4,3
DA:5,3
DA:6,3
DA:15,3
LF:5
LH:5
BRF:0
BRH:0
end_of_record
TN:
SF:src/components/icons/ChevronDownIcon.svelte
FN:1,ChevronDownIcon
FNF:1
FNH:0
FNDA:0,ChevronDownIcon
DA:3,0
DA:4,0
DA:5,0
DA:6,0
DA:15,0
LF:5
LH:0
BRF:0
BRH:0
end_of_record
TN:
SF:src/components/icons/CopyIcon.svelte
FN:1,CopyIcon
FNF:1
FNH:1
FNDA:6,CopyIcon
DA:3,6
DA:4,6
DA:5,6
DA:6,6
DA:15,6
LF:5
LH:5
BRF:0
BRH:0
end_of_record
TN:
SF:src/components/icons/InfoIcon.svelte
FN:1,InfoIcon
FNF:1
FNH:1
FNDA:3,InfoIcon
DA:3,3
DA:4,3
DA:5,3
DA:6,3
DA:15,3
LF:5
LH:5
BRF:0
BRH:0
end_of_record
TN:
SF:src/components/icons/LockIcon.svelte
FN:1,LockIcon
FNF:1
FNH:1
FNDA:3,LockIcon
DA:3,3
DA:4,3
DA:5,3
DA:6,3
DA:15,3
LF:5
LH:5
BRF:0
BRH:0
end_of_record
TN:
SF:src/components/icons/PreferencesIcon.svelte
FN:1,PreferencesIcon
FNF:1
FNH:1
FNDA:3,PreferencesIcon
DA:3,3
DA:4,3
DA:5,3
DA:6,3
DA:15,3
LF:5
LH:5
BRF:0
BRH:0
end_of_record
TN:
SF:src/components/icons/RefreshIcon.svelte
FN:1,RefreshIcon
FNF:1
FNH:0
FNDA:0,RefreshIcon
DA:3,0
DA:4,0
DA:5,0
DA:6,0
DA:15,0
LF:5
LH:0
BRF:0
BRH:0
end_of_record
TN:
SF:src/components/settings/about.component.svelte
FN:1,About_component
FN:13,(anonymous_1)
FN:23,(anonymous_2)
FN:23,(anonymous_3)
FN:24,(anonymous_4)
FN:46,(anonymous_5)
FN:33,(anonymous_6)
FNF:7
FNH:7
FNDA:3,About_component
FNDA:3,(anonymous_1)
FNDA:3,(anonymous_2)
FNDA:3,(anonymous_3)
FNDA:18,(anonymous_4)
FNDA:15,(anonymous_5)
FNDA:18,(anonymous_6)
DA:6,3
DA:9,3
DA:10,3
DA:13,3
DA:23,3
DA:24,3
DA:25,18
DA:31,18
DA:33,18
DA:35,18
DA:36,3
DA:41,3
DA:44,15
DA:46,15
LF:14
LH:14
BRDA:26,0,0,6
BRDA:26,0,1,12
BRDA:35,1,0,3
BRDA:35,1,1,15
BRF:4
BRH:4
end_of_record
TN:
SF:src/components/settings/network-access.component.svelte
FN:1,Network_access_component
FN:22,(anonymous_1)
FN:65,(anonymous_2)
FN:59,click
FNF:4
FNH:3
FNDA:3,Network_access_component
FNDA:3,(anonymous_1)
FNDA:3,(anonymous_2)
FNDA:0,click
DA:15,3
DA:18,3
DA:19,3
DA:22,3
DA:34,3
DA:35,3
DA:44,3
DA:48,3
DA:52,3
DA:59,3
DA:61,0
DA:65,3
LF:12
LH:11
BRF:0
BRH:0
end_of_record
TN:
SF:src/components/settings/preferences.component.svelte
FN:1,Preferences_component
FN:41,(anonymous_1)
FN:75,(anonymous_2)
FN:153,(anonymous_3)
FN:169,(anonymous_4)
FN:189,(anonymous_5)
FN:99,(anonymous_6)
FN:148,(anonymous_7)
FN:156,change
FN:193,click
FNF:10
FNH:2
FNDA:3,Preferences_component
FNDA:3,(anonymous_1)
FNDA:0,(anonymous_2)
FNDA:0,(anonymous_3)
FNDA:0,(anonymous_4)
FNDA:0,(anonymous_5)
FNDA:0,(anonymous_6)
FNDA:0,(anonymous_7)
FNDA:0,change
FNDA:0,click
DA:11,3
DA:34,3
DA:37,3
DA:38,3
DA:41,3
DA:53,3
DA:54,3
DA:65,0
DA:66,0
DA:75,0
DA:82,0
DA:91,0
DA:99,0
DA:106,0
DA:114,0
DA:117,0
DA:122,0
DA:123,0
DA:131,0
DA:134,0
DA:140,0
DA:147,0
DA:148,0
DA:153,0
DA:155,0
DA:156,0
DA:158,0
DA:160,0
DA:163,0
DA:169,0
DA:170,0
DA:171,0
DA:174,0
DA:177,0
DA:178,0
DA:186,0
DA:189,0
DA:193,0
DA:196,0
LF:39
LH:7
BRDA:75,0,0,0
BRDA:75,0,1,0
BRDA:82,1,0,0
BRDA:82,1,1,0
BRDA:65,2,0,0
BRDA:65,2,1,0
BRDA:134,3,0,0
BRDA:134,3,1,0
BRDA:140,4,0,0
BRDA:140,4,1,0
BRDA:174,5,0,0
BRDA:174,5,1,0
BRDA:174,6,0,0
BRDA:174,6,1,0
BRDA:174,7,0,0
BRDA:174,7,1,0
BRDA:171,8,0,0
BRDA:171,8,1,0
BRDA:170,9,0,0
BRDA:170,9,1,0
BRDA:177,10,0,0
BRDA:177,10,1,0
BRDA:99,11,0,0
BRDA:99,11,1,0
BRDA:106,12,0,0
BRDA:106,12,1,0
BRDA:123,13,0,0
BRDA:123,13,1,0
BRDA:126,14,0,0
BRDA:126,14,1,0
BRDA:131,15,0,0
BRDA:131,15,1,0
BRDA:158,16,0,0
BRDA:158,16,1,0
BRDA:156,17,0,0
BRDA:156,17,1,0
BRDA:193,18,0,0
BRDA:193,18,1,0
BRDA:54,19,0,3
BRDA:54,19,1,0
BRDA:54,20,0,3
BRDA:54,20,1,3
BRF:42
BRH:3
end_of_record
TN:
SF:src/components/settings/security.component.svelte
FN:1,Security_component
FN:24,(anonymous_1)
FN:84,(anonymous_2)
FN:78,click
FN:43,(anonymous_4)
FNF:5
FNH:3
FNDA:3,Security_component
FNDA:3,(anonymous_1)
FNDA:3,(anonymous_2)
FNDA:0,click
FNDA:0,(anonymous_4)
DA:17,3
DA:20,3
DA:21,3
DA:24,3
DA:34,3
DA:35,3
DA:43,6
DA:50,6
DA:58,6
DA:68,3
DA:70,0
DA:74,3
DA:78,6
DA:79,0
DA:84,3
LF:15
LH:13
BRDA:43,0,0,3
BRDA:43,0,1,3
BRDA:50,1,0,3
BRDA:50,1,1,3
BRDA:58,2,0,3
BRDA:58,2,1,3
BRF:6
BRH:6
end_of_record
TN:
SF:src/lib/version.ts
FNF:0
FNH:0
DA:1,1
DA:9,1
LF:2
LH:2
BRF:0
BRH:0
end_of_record
